<?xml version="1.0" encoding="UTF-8"?>
<!-- Generated by org.testng.reporters.JUnitReportReporter -->
<testsuite hostname="FB-schaudhary-ic" name="pkg1.Optimized" tests="9" failures="0" timestamp="23 May 2017 08:36:04 GMT" time="341.422" errors="0">
  <testcase name="TestCheckAvg" time="46.061" classname="pkg1.Optimized"/>
  <testcase name="TestCockpit" time="11.285" classname="pkg1.Optimized"/>
  <testcase name="TestDiscount" time="33.056" classname="pkg1.Optimized"/>
  <testcase name="TestGuestMix" time="73.552" classname="pkg1.Optimized"/>
  <testcase name="TestNetsales" time="62.035" classname="pkg1.Optimized"/>
  <testcase name="RestL3" time="13.949" classname="pkg1.Optimized"/>
  <testcase name="TestCheckcount" time="35.344" classname="pkg1.Optimized"/>
  <testcase name="TestgrossSales" time="36.015" classname="pkg1.Optimized"/>
  <testcase name="TestGuestCount" time="30.125" classname="pkg1.Optimized"/>
</testsuite> <!-- pkg1.Optimized -->
