<?xml version="1.0" encoding="UTF-8"?>
<!-- Generated by org.testng.reporters.JUnitReportReporter -->
<testsuite hostname="FB-schaudhary-ic" name="malive.SMSBroadcastStore" tests="9" failures="0" timestamp="19 May 2017 06:40:59 GMT" time="204.726" errors="0">
  <testcase name="dshboardView" time="53.857" classname="malive.SMSBroadcastStore"/>
  <testcase name="definingCampaign" time="1.893" classname="malive.SMSBroadcastStore"/>
  <testcase name="audienceSelection" time="0.250" classname="malive.SMSBroadcastStore"/>
  <testcase name="CampaignPageNavigation" time="2.419" classname="malive.SMSBroadcastStore"/>
  <testcase name="databseCheck" time="134.700" classname="malive.SMSBroadcastStore"/>
  <testcase name="storeSelection" time="3.520" classname="malive.SMSBroadcastStore"/>
  <testcase name="publishMessage" time="1.081" classname="malive.SMSBroadcastStore"/>
  <testcase name="createCampaign" time="5.449" classname="malive.SMSBroadcastStore"/>
  <testcase name="snedNow" time="1.557" classname="malive.SMSBroadcastStore"/>
</testsuite> <!-- malive.SMSBroadcastStore -->
