<?xml version="1.0" encoding="UTF-8"?>
<!-- Generated by org.testng.reporters.JUnitReportReporter -->
<testsuite hostname="FB-schaudhary-ic" name="analyticsLive.GARun" tests="164" failures="2" timestamp="26 May 2017 08:08:44 GMT" time="1971.415" errors="0">
  <testcase name="ccDPFilerCheck" time="16.654" classname="analyticsLive.GARun"/>
  <testcase name="ccDPBack" time="2.443" classname="analyticsLive.GARun"/>
  <testcase name="discountStoreNameDropdown1" time="0.240" classname="analyticsLive.GARun"/>
  <testcase name="nsOMFilerCheck" time="17.537" classname="analyticsLive.GARun"/>
  <testcase name="dDWFilerCheck" time="15.359" classname="analyticsLive.GARun"/>
  <testcase name="discountStoreListDropdown2" time="0.285" classname="analyticsLive.GARun"/>
  <testcase name="checkAverageBack" time="1.825" classname="analyticsLive.GARun"/>
  <testcase name="L3_clusterVolumeNavigator" time="6.243" classname="analyticsLive.GARun"/>
  <testcase name="grossSalesDayPart" time="24.647" classname="analyticsLive.GARun"/>
  <testcase name="checkCountOverTime" time="24.727" classname="analyticsLive.GARun"/>
  <testcase name="checkCountBack" time="1.969" classname="analyticsLive.GARun"/>
  <testcase name="gcOMBack" time="5.730" classname="analyticsLive.GARun"/>
  <testcase name="grossSalesQuarterDropdown" time="3.446" classname="analyticsLive.GARun"/>
  <testcase name="L2_guestCountNavigator" time="8.865" classname="analyticsLive.GARun"/>
  <testcase name="campaignBack" time="0.770" classname="analyticsLive.GARun"/>
  <testcase name="ccOTFilerCheck" time="15.653" classname="analyticsLive.GARun"/>
  <testcase name="checkCountDayPart" time="24.743" classname="analyticsLive.GARun"/>
  <testcase name="L2_grossSalesNavigator" time="8.620" classname="analyticsLive.GARun"/>
  <testcase name="checkAverageOverTime" time="24.719" classname="analyticsLive.GARun"/>
  <testcase name="PromotionFilerCheck" time="25.261" classname="analyticsLive.GARun"/>
  <testcase name="topStoresBack" time="0.528" classname="analyticsLive.GARun"/>
  <testcase name="L2_checkAverageNavigator" time="18.538" classname="analyticsLive.GARun"/>
  <testcase name="checkAveragePeriodDropdown" time="14.650" classname="analyticsLive.GARun"/>
  <testcase name="discountFilterDataCheck" time="7.385" classname="analyticsLive.GARun"/>
  <testcase name="grsSOMFilerCheck" time="17.163" classname="analyticsLive.GARun"/>
  <testcase name="gmOMFilerCheck" time="17.442" classname="analyticsLive.GARun"/>
  <testcase name="campaignFilerCheck" time="19.457" classname="analyticsLive.GARun"/>
  <testcase name="checkCountQuarterDropdown" time="2.873" classname="analyticsLive.GARun"/>
  <testcase name="nsOMBack" time="2.694" classname="analyticsLive.GARun"/>
  <testcase name="LoyaltyFilerCheck" time="20.312" classname="analyticsLive.GARun"/>
  <testcase name="dDDFilerCheck" time="15.437" classname="analyticsLive.GARun"/>
  <testcase name="nsDWFilerCheck" time="16.631" classname="analyticsLive.GARun"/>
  <testcase name="gcOMFilerCheck" time="15.837" classname="analyticsLive.GARun"/>
  <testcase name="grsSDWBack" time="3.004" classname="analyticsLive.GARun"/>
  <testcase name="guestMixStoreListDropdown2" time="0.391" classname="analyticsLive.GARun"/>
  <testcase name="discountDiscountDistribution" time="24.626" classname="analyticsLive.GARun"/>
  <testcase name="grossSalesFilterDataCheck" time="8.670" classname="analyticsLive.GARun"/>
  <testcase name="L3_clusterSpendNavigator" time="5.846" classname="analyticsLive.GARun"/>
  <testcase name="itemSalesBack" time="0.610" classname="analyticsLive.GARun"/>
  <testcase name="checkAverageFilterDataCheck" time="9.485" classname="analyticsLive.GARun"/>
  <testcase name="L3_LoyaltyNavigator" time="5.892" classname="analyticsLive.GARun"/>
  <testcase name="discountDayOfWeek" time="24.737" classname="analyticsLive.GARun"/>
  <testcase name="guestCountPeriodDropdown" time="2.594" classname="analyticsLive.GARun"/>
  <testcase name="clusterSpendFilerCheck" time="23.700" classname="analyticsLive.GARun"/>
  <testcase name="ccOMBack" time="2.474" classname="analyticsLive.GARun"/>
  <testcase name="L2_checkCountNavigator" time="8.238" classname="analyticsLive.GARun"/>
  <testcase name="nsDWBack" time="2.351" classname="analyticsLive.GARun"/>
  <testcase name="netsalesDayPart" time="24.843" classname="analyticsLive.GARun"/>
  <testcase name="discountQuarterDropdown" time="10.939" classname="analyticsLive.GARun"/>
  <testcase name="gcOTFilerCheck" time="16.794" classname="analyticsLive.GARun"/>
  <testcase name="ccDWBack" time="2.346" classname="analyticsLive.GARun"/>
  <testcase name="gmOTBack" time="12.794" classname="analyticsLive.GARun"/>
  <testcase name="guestMixBack" time="1.397" classname="analyticsLive.GARun"/>
  <testcase name="checkAverageTopStores" time="24.848" classname="analyticsLive.GARun"/>
  <testcase name="guestMixPeriodDropdown" time="17.745" classname="analyticsLive.GARun"/>
  <testcase name="L1_buttonYearApply" time="2.109" classname="analyticsLive.GARun"/>
  <testcase name="L3_TopStores" time="5.663" classname="analyticsLive.GARun"/>
  <testcase name="gmOMBack" time="27.507" classname="analyticsLive.GARun"/>
  <testcase name="guestCountQuarterDropdown" time="3.163" classname="analyticsLive.GARun"/>
  <testcase name="gcDWFilerCheck" time="17.177" classname="analyticsLive.GARun"/>
  <testcase name="clusterVolumeFilerCheck" time="22.810" classname="analyticsLive.GARun"/>
  <testcase name="nsOTFilerCheck" time="17.404" classname="analyticsLive.GARun"/>
  <testcase name="guestMixDayOfWeek" time="24.981" classname="analyticsLive.GARun"/>
  <testcase name="dDWBack" time="12.369" classname="analyticsLive.GARun"/>
  <testcase name="L3_PersonaNavigator" time="5.646" classname="analyticsLive.GARun"/>
  <testcase name="guestCountStoreNameDropdown1" time="0.597" classname="analyticsLive.GARun"/>
  <testcase name="guestCountFilterDataCheck" time="7.825" classname="analyticsLive.GARun"/>
  <testcase name="gcDPBack" time="2.702" classname="analyticsLive.GARun"/>
  <testcase name="discountOverTime" time="24.850" classname="analyticsLive.GARun"/>
  <testcase name="grsSDWFilerCheck" time="16.967" classname="analyticsLive.GARun"/>
  <testcase name="caTSBack" time="14.805" classname="analyticsLive.GARun"/>
  <testcase name="checkAverageStoreListDropdown2" time="0.304" classname="analyticsLive.GARun"/>
  <testcase name="nsDPFilerCheck" time="16.939" classname="analyticsLive.GARun"/>
  <testcase name="guestMixFilterDataCheck" time="6.180" classname="analyticsLive.GARun"/>
  <testcase name="guestCountStoreListDropdown2" time="0.242" classname="analyticsLive.GARun"/>
  <testcase name="clusterRecencyFilerCheck" time="20.989" classname="analyticsLive.GARun"/>
  <testcase name="netsalesOverTime" time="24.916" classname="analyticsLive.GARun"/>
  <testcase name="dDDPBack" time="9.691" classname="analyticsLive.GARun"/>
  <testcase name="L1_buttonQuaterApply" time="2.855" classname="analyticsLive.GARun"/>
  <testcase name="L3_Campaign" time="5.435" classname="analyticsLive.GARun"/>
  <testcase name="gmDPFilerCheck" time="17.638" classname="analyticsLive.GARun"/>
  <testcase name="grossSalesBack" time="2.651" classname="analyticsLive.GARun"/>
  <testcase name="grsSOTFilerCheck" time="15.999" classname="analyticsLive.GARun"/>
  <testcase name="gmDWFilerCheck" time="16.464" classname="analyticsLive.GARun"/>
  <testcase name="checkCountPeriodDropdown" time="2.541" classname="analyticsLive.GARun"/>
  <testcase name="grsSDPBack" time="2.415" classname="analyticsLive.GARun"/>
  <testcase name="netsalesBack" time="1.406" classname="analyticsLive.GARun"/>
  <testcase name="caOTBack" time="13.550" classname="analyticsLive.GARun"/>
  <testcase name="ccOTBack" time="2.410" classname="analyticsLive.GARun"/>
  <testcase name="nsOTBack" time="2.728" classname="analyticsLive.GARun"/>
  <testcase name="grsSOTBack" time="2.565" classname="analyticsLive.GARun"/>
  <testcase name="clusterFrequencyFilerCheck" time="21.509" classname="analyticsLive.GARun"/>
  <testcase name="checkCountOrderMode" time="24.809" classname="analyticsLive.GARun"/>
  <testcase name="guestCountDayOfWeek" time="25.092" classname="analyticsLive.GARun"/>
  <testcase name="gcDWBack" time="3.322" classname="analyticsLive.GARun"/>
  <testcase name="L3_clusterFrequencyNavigator" time="5.748" classname="analyticsLive.GARun"/>
  <testcase name="L3_PromotionNavigator" time="5.919" classname="analyticsLive.GARun"/>
  <testcase name="L1_storename_dropdown" time="1.997" classname="analyticsLive.GARun"/>
  <testcase name="caOTFilerCheck" time="17.198" classname="analyticsLive.GARun"/>
  <testcase name="grossSalesDayOfWeek" time="24.746" classname="analyticsLive.GARun"/>
  <testcase name="guestMixDayPart" time="25.081" classname="analyticsLive.GARun"/>
  <testcase name="dOMBack" time="9.616" classname="analyticsLive.GARun"/>
  <testcase name="grossSalesPeriodDropdown" time="2.929" classname="analyticsLive.GARun"/>
  <testcase name="gcDPFilerCheck" time="15.820" classname="analyticsLive.GARun"/>
  <testcase name="discountPeriodDropdown" time="14.445" classname="analyticsLive.GARun"/>
  <testcase name="L3_ItemSales" time="6.944" classname="analyticsLive.GARun">
    <failure type="java.lang.AssertionError" message="expected [true] but found [false]">
      <![CDATA[java.lang.AssertionError: expected [true] but found [false]
	at org.testng.Assert.fail(Assert.java:94)
	at org.testng.Assert.failNotEquals(Assert.java:496)
	at org.testng.Assert.assertEquals(Assert.java:125)
	at org.testng.Assert.assertEquals(Assert.java:288)
	at org.testng.Assert.assertEquals(Assert.java:298)
	at analyticsLive.GARun.L3_ItemSales(GARun.java:874)
	at sun.reflect.NativeMethodAccessorImpl.invoke0(Native Method)
	at sun.reflect.NativeMethodAccessorImpl.invoke(Unknown Source)
	at sun.reflect.DelegatingMethodAccessorImpl.invoke(Unknown Source)
	at java.lang.reflect.Method.invoke(Unknown Source)
	at org.testng.internal.MethodInvocationHelper.invokeMethod(MethodInvocationHelper.java:85)
	at org.testng.internal.Invoker.invokeMethod(Invoker.java:659)
	at org.testng.internal.Invoker.invokeTestMethod(Invoker.java:845)
	at org.testng.internal.Invoker.invokeTestMethods(Invoker.java:1153)
	at org.testng.internal.TestMethodWorker.invokeTestMethods(TestMethodWorker.java:125)
	at org.testng.internal.TestMethodWorker.run(TestMethodWorker.java:108)
	at org.testng.TestRunner.privateRun(TestRunner.java:771)
	at org.testng.TestRunner.run(TestRunner.java:621)
	at org.testng.SuiteRunner.runTest(SuiteRunner.java:357)
	at org.testng.SuiteRunner.runSequentially(SuiteRunner.java:352)
	at org.testng.SuiteRunner.privateRun(SuiteRunner.java:310)
	at org.testng.SuiteRunner.run(SuiteRunner.java:259)
	at org.testng.SuiteRunnerWorker.runSuite(SuiteRunnerWorker.java:52)
	at org.testng.SuiteRunnerWorker.run(SuiteRunnerWorker.java:86)
	at org.testng.TestNG.runSuitesSequentially(TestNG.java:1199)
	at org.testng.TestNG.runSuitesLocally(TestNG.java:1124)
	at org.testng.TestNG.run(TestNG.java:1032)
	at org.testng.remote.AbstractRemoteTestNG.run(AbstractRemoteTestNG.java:132)
	at org.testng.remote.RemoteTestNG.initAndRun(RemoteTestNG.java:230)
	at org.testng.remote.RemoteTestNG.main(RemoteTestNG.java:76)
]]>
    </failure>
  </testcase> <!-- L3_ItemSales -->
  <testcase name="gmOTFilerCheck" time="17.626" classname="analyticsLive.GARun"/>
  <testcase name="checkAverageMenuMix" time="24.757" classname="analyticsLive.GARun">
    <failure type="java.lang.AssertionError" message="expected [true] but found [false]">
      <![CDATA[java.lang.AssertionError: expected [true] but found [false]
	at org.testng.Assert.fail(Assert.java:94)
	at org.testng.Assert.failNotEquals(Assert.java:496)
	at org.testng.Assert.assertEquals(Assert.java:125)
	at org.testng.Assert.assertEquals(Assert.java:288)
	at org.testng.Assert.assertEquals(Assert.java:298)
	at analyticsLive.GARun.checkAverageMenuMix(GARun.java:268)
	at sun.reflect.NativeMethodAccessorImpl.invoke0(Native Method)
	at sun.reflect.NativeMethodAccessorImpl.invoke(Unknown Source)
	at sun.reflect.DelegatingMethodAccessorImpl.invoke(Unknown Source)
	at java.lang.reflect.Method.invoke(Unknown Source)
	at org.testng.internal.MethodInvocationHelper.invokeMethod(MethodInvocationHelper.java:85)
	at org.testng.internal.Invoker.invokeMethod(Invoker.java:659)
	at org.testng.internal.Invoker.invokeTestMethod(Invoker.java:845)
	at org.testng.internal.Invoker.invokeTestMethods(Invoker.java:1153)
	at org.testng.internal.TestMethodWorker.invokeTestMethods(TestMethodWorker.java:125)
	at org.testng.internal.TestMethodWorker.run(TestMethodWorker.java:108)
	at org.testng.TestRunner.privateRun(TestRunner.java:771)
	at org.testng.TestRunner.run(TestRunner.java:621)
	at org.testng.SuiteRunner.runTest(SuiteRunner.java:357)
	at org.testng.SuiteRunner.runSequentially(SuiteRunner.java:352)
	at org.testng.SuiteRunner.privateRun(SuiteRunner.java:310)
	at org.testng.SuiteRunner.run(SuiteRunner.java:259)
	at org.testng.SuiteRunnerWorker.runSuite(SuiteRunnerWorker.java:52)
	at org.testng.SuiteRunnerWorker.run(SuiteRunnerWorker.java:86)
	at org.testng.TestNG.runSuitesSequentially(TestNG.java:1199)
	at org.testng.TestNG.runSuitesLocally(TestNG.java:1124)
	at org.testng.TestNG.run(TestNG.java:1032)
	at org.testng.remote.AbstractRemoteTestNG.run(AbstractRemoteTestNG.java:132)
	at org.testng.remote.RemoteTestNG.initAndRun(RemoteTestNG.java:230)
	at org.testng.remote.RemoteTestNG.main(RemoteTestNG.java:76)
]]>
    </failure>
  </testcase> <!-- checkAverageMenuMix -->
  <testcase name="netSalesStoreListDropdown2" time="0.396" classname="analyticsLive.GARun"/>
  <testcase name="guestMixStoreNameDropdown1" time="0.247" classname="analyticsLive.GARun"/>
  <testcase name="itemSalesFilerCheck" time="21.851" classname="analyticsLive.GARun"/>
  <testcase name="checkCountDayOfWeek" time="24.704" classname="analyticsLive.GARun"/>
  <testcase name="discountOrderMode" time="24.712" classname="analyticsLive.GARun"/>
  <testcase name="grossSalesOverTime" time="24.695" classname="analyticsLive.GARun"/>
  <testcase name="guestCountOrderMode" time="25.060" classname="analyticsLive.GARun"/>
  <testcase name="L2_discountNavigator" time="12.188" classname="analyticsLive.GARun"/>
  <testcase name="L3_clusterRecencyNavigator" time="9.153" classname="analyticsLive.GARun"/>
  <testcase name="L1_SMA" time="13.003" classname="analyticsLive.GARun"/>
  <testcase name="discountBack" time="1.766" classname="analyticsLive.GARun"/>
  <testcase name="checkAverageQuarterDropdown" time="13.615" classname="analyticsLive.GARun"/>
  <testcase name="guestMixOrderMode" time="25.113" classname="analyticsLive.GARun"/>
  <testcase name="smaDetailsFilerCheck" time="28.807" classname="analyticsLive.GARun"/>
  <testcase name="dOTFilerCheck" time="15.552" classname="analyticsLive.GARun"/>
  <testcase name="gcOTBack" time="4.073" classname="analyticsLive.GARun"/>
  <testcase name="caMMBack" time="15.785" classname="analyticsLive.GARun"/>
  <testcase name="caMMFilerCheck" time="15.676" classname="analyticsLive.GARun"/>
  <testcase name="PersonaFilerCheck" time="19.892" classname="analyticsLive.GARun"/>
  <testcase name="dOTBack" time="10.212" classname="analyticsLive.GARun"/>
  <testcase name="netSalesQuarterDropdown" time="3.415" classname="analyticsLive.GARun"/>
  <testcase name="checkCountStoreListDropdown2" time="0.325" classname="analyticsLive.GARun"/>
  <testcase name="guestMixQuarterDropdown" time="14.248" classname="analyticsLive.GARun"/>
  <testcase name="gmDPBack" time="17.495" classname="analyticsLive.GARun"/>
  <testcase name="ccOMFilerCheck" time="16.517" classname="analyticsLive.GARun"/>
  <testcase name="guestMixOverTime" time="25.098" classname="analyticsLive.GARun"/>
  <testcase name="grossSalesStoreNameDropdown1" time="0.247" classname="analyticsLive.GARun"/>
  <testcase name="L3_SMSDetails" time="13.363" classname="analyticsLive.GARun"/>
  <testcase name="checkAverageStoreNameDropdown1" time="0.327" classname="analyticsLive.GARun"/>
  <testcase name="netSalesPeriodDropdown" time="2.896" classname="analyticsLive.GARun"/>
  <testcase name="ccDWFilerCheck" time="15.404" classname="analyticsLive.GARun"/>
  <testcase name="L1_dateStartend" time="0.082" classname="analyticsLive.GARun"/>
  <testcase name="guestCountDayPart" time="25.377" classname="analyticsLive.GARun"/>
  <testcase name="guestCountBack" time="1.933" classname="analyticsLive.GARun"/>
  <testcase name="netsalesDayOfWeek" time="24.777" classname="analyticsLive.GARun"/>
  <testcase name="caTSFilerCheck" time="16.943" classname="analyticsLive.GARun"/>
  <testcase name="grsSOMBack" time="2.436" classname="analyticsLive.GARun"/>
  <testcase name="nsDPBack" time="2.442" classname="analyticsLive.GARun"/>
  <testcase name="netsalesOrderMode" time="24.756" classname="analyticsLive.GARun"/>
  <testcase name="dOMFilerCheck" time="16.917" classname="analyticsLive.GARun"/>
  <testcase name="grossSalesStoreListDropdown2" time="0.301" classname="analyticsLive.GARun"/>
  <testcase name="grsSDPFilerCheck" time="16.686" classname="analyticsLive.GARun"/>
  <testcase name="gmDWBack" time="22.864" classname="analyticsLive.GARun"/>
  <testcase name="L1_buttonPeriodApply" time="1.686" classname="analyticsLive.GARun"/>
  <testcase name="L2_guestMixNavigator" time="20.464" classname="analyticsLive.GARun"/>
  <testcase name="netSalesFilterDataCheck" time="8.889" classname="analyticsLive.GARun"/>
  <testcase name="L1_storelist_dropdown" time="0.506" classname="analyticsLive.GARun"/>
  <testcase name="checkCountStoreNameDropdown1" time="0.233" classname="analyticsLive.GARun"/>
  <testcase name="L2_netSalesNavigator" time="13.355" classname="analyticsLive.GARun"/>
  <testcase name="checkCountFilterDataCheck" time="7.561" classname="analyticsLive.GARun"/>
  <testcase name="topStoresFilerCheck" time="16.175" classname="analyticsLive.GARun"/>
  <testcase name="dshboardView" time="17.469" classname="analyticsLive.GARun"/>
  <testcase name="guestCountOverTime" time="25.071" classname="analyticsLive.GARun"/>
  <testcase name="grossSalesOrderMode" time="24.921" classname="analyticsLive.GARun"/>
  <testcase name="netSalesStoreNameDropdown1" time="0.290" classname="analyticsLive.GARun"/>
  <testcase name="checkboxClick" time="8.388" classname="analyticsLive.GARun"/>
</testsuite> <!-- analyticsLive.GARun -->
