<?xml version="1.0" encoding="UTF-8"?>
<!-- Generated by org.testng.reporters.JUnitReportReporter -->
<testsuite hostname="FB-schaudhary-ic" name="malive.SMSTriggeredCall" tests="8" failures="0" timestamp="20 May 2017 05:30:50 GMT" time="81.061" errors="0">
  <testcase name="storeSlection" time="3.104" classname="malive.SMSTriggeredCall"/>
  <testcase name="dshboardView" time="51.832" classname="malive.SMSTriggeredCall"/>
  <testcase name="CampaignPageNavigation" time="2.752" classname="malive.SMSTriggeredCall"/>
  <testcase name="audienceSelection" time="5.093" classname="malive.SMSTriggeredCall"/>
  <testcase name="scheduling" time="11.585" classname="malive.SMSTriggeredCall"/>
  <testcase name="publishing" time="0.137" classname="malive.SMSTriggeredCall"/>
  <testcase name="createCampaign" time="1.607" classname="malive.SMSTriggeredCall"/>
  <testcase name="definingCampaign" time="4.951" classname="malive.SMSTriggeredCall"/>
</testsuite> <!-- malive.SMSTriggeredCall -->
