<?xml version="1.0" encoding="UTF-8"?>
<!-- Generated by org.testng.reporters.JUnitReportReporter -->
<testsuite hostname="FB-schaudhary-ic" name="malive.SMSBroadcastStore" tests="9" failures="0" timestamp="5 May 2017 11:23:19 GMT" time="190.868" errors="0">
  <testcase name="databseCheck" time="165.057" classname="malive.SMSBroadcastStore"/>
  <testcase name="createCampaign" time="5.184" classname="malive.SMSBroadcastStore"/>
  <testcase name="storeSelection" time="3.668" classname="malive.SMSBroadcastStore"/>
  <testcase name="snedNow" time="1.287" classname="malive.SMSBroadcastStore"/>
  <testcase name="publishMessage" time="0.860" classname="malive.SMSBroadcastStore"/>
  <testcase name="definingCampaign" time="1.696" classname="malive.SMSBroadcastStore"/>
  <testcase name="CampaignPageNavigation" time="1.296" classname="malive.SMSBroadcastStore"/>
  <testcase name="audienceSelection" time="0.184" classname="malive.SMSBroadcastStore"/>
  <testcase name="dshboardView" time="11.636" classname="malive.SMSBroadcastStore"/>
</testsuite> <!-- malive.SMSBroadcastStore -->
