<?xml version="1.0" encoding="UTF-8"?>
<!-- Generated by org.testng.reporters.JUnitReportReporter -->
<testsuite hostname="FB-schaudhary-ic" name="malive.AcqZipAppendRun" tests="7" failures="0" timestamp="19 May 2017 07:00:51 GMT" time="95.924" errors="0">
  <testcase name="campaignCreation" time="2.413" classname="malive.AcqZipAppendRun"/>
  <testcase name="campaignNaivation" time="3.284" classname="malive.AcqZipAppendRun"/>
  <testcase name="scheduling" time="5.156" classname="malive.AcqZipAppendRun"/>
  <testcase name="dshboardView" time="67.942" classname="malive.AcqZipAppendRun"/>
  <testcase name="defineCmapaign" time="11.639" classname="malive.AcqZipAppendRun"/>
  <testcase name="publishig" time="5.167" classname="malive.AcqZipAppendRun"/>
  <testcase name="subscriptionCriteria" time="0.323" classname="malive.AcqZipAppendRun"/>
</testsuite> <!-- malive.AcqZipAppendRun -->
