<?xml version="1.0" encoding="UTF-8"?>
<!-- Generated by org.testng.reporters.JUnitReportReporter -->
<testsuite hostname="FB-schaudhary-ic" name="analyticsLive.MyCustomGARun" tests="2" failures="0" timestamp="6 May 2017 12:04:11 GMT" time="66.289" errors="0">
  <testcase name="dshboardView" time="66.078" classname="analyticsLive.MyCustomGARun"/>
  <testcase name="L1_storename_dropdown" time="0.211" classname="analyticsLive.MyCustomGARun"/>
</testsuite> <!-- analyticsLive.MyCustomGARun -->
