<?xml version="1.0" encoding="UTF-8"?>
<!-- Generated by org.testng.reporters.JUnitReportReporter -->
<testsuite hostname="FB-schaudhary-ic" name="crmLoyalty.CRMRun" tests="8" failures="0" timestamp="2 May 2017 06:11:58 GMT" time="134.855" errors="0">
  <testcase name="logout" time="1.390" classname="crmLoyalty.CRMRun"/>
  <testcase name="userProfileUpdate" time="21.908" classname="crmLoyalty.CRMRun"/>
  <testcase name="finalLogout" time="1.630" classname="crmLoyalty.CRMRun"/>
  <testcase name="login" time="0.677" classname="crmLoyalty.CRMRun"/>
  <testcase name="login2" time="30.745" classname="crmLoyalty.CRMRun"/>
  <testcase name="dshboardView" time="7.164" classname="crmLoyalty.CRMRun"/>
  <testcase name="userPasswordUpdate" time="15.914" classname="crmLoyalty.CRMRun"/>
  <testcase name="fillForm" time="55.427" classname="crmLoyalty.CRMRun"/>
</testsuite> <!-- crmLoyalty.CRMRun -->
