<?xml version="1.0" encoding="UTF-8"?>
<!-- Generated by org.testng.reporters.JUnitReportReporter -->
<testsuite hostname="FB-schaudhary-ic" name="pkg1.Optimized" tests="9" failures="0" timestamp="22 May 2017 15:08:17 GMT" time="436.518" errors="0">
  <testcase name="TestDiscount" time="31.521" classname="pkg1.Optimized"/>
  <testcase name="TestCheckcount" time="38.596" classname="pkg1.Optimized"/>
  <testcase name="TestCockpit" time="16.455" classname="pkg1.Optimized"/>
  <testcase name="TestNetsales" time="33.497" classname="pkg1.Optimized"/>
  <testcase name="TestGuestCount" time="27.841" classname="pkg1.Optimized"/>
  <testcase name="RestL3" time="12.494" classname="pkg1.Optimized"/>
  <testcase name="TestCheckAvg" time="209.563" classname="pkg1.Optimized"/>
  <testcase name="TestGuestMix" time="41.506" classname="pkg1.Optimized"/>
  <testcase name="TestgrossSales" time="25.045" classname="pkg1.Optimized"/>
</testsuite> <!-- pkg1.Optimized -->
