<?xml version="1.0" encoding="UTF-8"?>
<!-- Generated by org.testng.reporters.JUnitReportReporter -->
<testsuite hostname="FB-schaudhary-ic" name="malive.AcqZipAppendRun" tests="7" failures="0" timestamp="11 May 2017 05:52:35 GMT" time="39.298" errors="0">
  <testcase name="scheduling" time="5.114" classname="malive.AcqZipAppendRun"/>
  <testcase name="subscriptionCriteria" time="0.305" classname="malive.AcqZipAppendRun"/>
  <testcase name="campaignNaivation" time="2.359" classname="malive.AcqZipAppendRun"/>
  <testcase name="dshboardView" time="10.450" classname="malive.AcqZipAppendRun"/>
  <testcase name="publishig" time="5.116" classname="malive.AcqZipAppendRun"/>
  <testcase name="campaignCreation" time="1.811" classname="malive.AcqZipAppendRun"/>
  <testcase name="defineCmapaign" time="14.143" classname="malive.AcqZipAppendRun"/>
</testsuite> <!-- malive.AcqZipAppendRun -->
