<?xml version="1.0" encoding="UTF-8"?>
<!-- Generated by org.testng.reporters.JUnitReportReporter -->
<testsuite hostname="FB-schaudhary-ic" name="malive.SMSBroadcastExtSegment" tests="8" failures="0" timestamp="2 May 2017 06:53:33 GMT" time="568.520" errors="0">
  <testcase name="definingCampaign" time="1.982" classname="malive.SMSBroadcastExtSegment"/>
  <testcase name="CampaignPageNavigation" time="1.800" classname="malive.SMSBroadcastExtSegment"/>
  <testcase name="createCampaign" time="6.691" classname="malive.SMSBroadcastExtSegment"/>
  <testcase name="audienceSelection" time="120.029" classname="malive.SMSBroadcastExtSegment"/>
  <testcase name="dshboardView" time="77.908" classname="malive.SMSBroadcastExtSegment"/>
  <testcase name="publishMessage" time="120.014" classname="malive.SMSBroadcastExtSegment"/>
  <testcase name="segmentselection" time="120.038" classname="malive.SMSBroadcastExtSegment"/>
  <testcase name="snedNow" time="120.058" classname="malive.SMSBroadcastExtSegment"/>
</testsuite> <!-- malive.SMSBroadcastExtSegment -->
