<?xml version="1.0" encoding="UTF-8"?>
<!-- Generated by org.testng.reporters.JUnitReportReporter -->
<testsuite hostname="FB-schaudhary-ic" name="com.fishbowl.gama.LiveTestCall" tests="171" failures="2" timestamp="23 May 2017 12:15:59 GMT" time="2586.972" errors="0">
  <testcase name="L3_LoyaltyNavigator" time="11.428" classname="com.fishbowl.gama.LiveTestCall"/>
  <testcase name="LoyaltyFilerCheck" time="37.763" classname="com.fishbowl.gama.LiveTestCall"/>
  <testcase name="checkAverageFilterDataCheck" time="10.686" classname="com.fishbowl.gama.LiveTestCall"/>
  <testcase name="grsSOTBack" time="8.358" classname="com.fishbowl.gama.LiveTestCall"/>
  <testcase name="checkCountBack" time="3.035" classname="com.fishbowl.gama.LiveTestCall"/>
  <testcase name="clusterVolumeBack" time="2.635" classname="com.fishbowl.gama.LiveTestCall"/>
  <testcase name="guestMixOrderMode" time="24.830" classname="com.fishbowl.gama.LiveTestCall"/>
  <testcase name="grsSDPFilerCheck" time="18.628" classname="com.fishbowl.gama.LiveTestCall"/>
  <testcase name="nsOTFilerCheck" time="18.602" classname="com.fishbowl.gama.LiveTestCall"/>
  <testcase name="gcDPBack" time="8.444" classname="com.fishbowl.gama.LiveTestCall"/>
  <testcase name="caMMFilerCheck" time="17.193" classname="com.fishbowl.gama.LiveTestCall"/>
  <testcase name="discountFilterDataCheck" time="9.005" classname="com.fishbowl.gama.LiveTestCall"/>
  <testcase name="discountBack" time="2.039" classname="com.fishbowl.gama.LiveTestCall"/>
  <testcase name="dshboardView" time="15.453" classname="com.fishbowl.gama.LiveTestCall"/>
  <testcase name="caMMBack" time="8.339" classname="com.fishbowl.gama.LiveTestCall"/>
  <testcase name="guestCountPeriodDropdown" time="3.413" classname="com.fishbowl.gama.LiveTestCall"/>
  <testcase name="grsSOMBack" time="8.394" classname="com.fishbowl.gama.LiveTestCall"/>
  <testcase name="gcDWFilerCheck" time="19.350" classname="com.fishbowl.gama.LiveTestCall"/>
  <testcase name="clusterSpendFilerCheck" time="30.089" classname="com.fishbowl.gama.LiveTestCall"/>
  <testcase name="gmDPFilerCheck" time="18.148" classname="com.fishbowl.gama.LiveTestCall"/>
  <testcase name="guestCountBack" time="2.818" classname="com.fishbowl.gama.LiveTestCall"/>
  <testcase name="checkAverageOverTime" time="24.962" classname="com.fishbowl.gama.LiveTestCall"/>
  <testcase name="L1_storelist_dropdown" time="4.929" classname="com.fishbowl.gama.LiveTestCall">
    <failure type="java.lang.AssertionError" message="expected [true] but found [false]">
      <![CDATA[java.lang.AssertionError: expected [true] but found [false]
	at org.testng.Assert.fail(Assert.java:94)
	at org.testng.Assert.failNotEquals(Assert.java:496)
	at org.testng.Assert.assertEquals(Assert.java:125)
	at org.testng.Assert.assertEquals(Assert.java:288)
	at org.testng.Assert.assertEquals(Assert.java:298)
	at com.fishbowl.gama.LiveTestCall.L1_storelist_dropdown(LiveTestCall.java:44)
	at sun.reflect.NativeMethodAccessorImpl.invoke0(Native Method)
	at sun.reflect.NativeMethodAccessorImpl.invoke(Unknown Source)
	at sun.reflect.DelegatingMethodAccessorImpl.invoke(Unknown Source)
	at java.lang.reflect.Method.invoke(Unknown Source)
	at org.testng.internal.MethodInvocationHelper.invokeMethod(MethodInvocationHelper.java:85)
	at org.testng.internal.Invoker.invokeMethod(Invoker.java:659)
	at org.testng.internal.Invoker.invokeTestMethod(Invoker.java:845)
	at org.testng.internal.Invoker.invokeTestMethods(Invoker.java:1153)
	at org.testng.internal.TestMethodWorker.invokeTestMethods(TestMethodWorker.java:125)
	at org.testng.internal.TestMethodWorker.run(TestMethodWorker.java:108)
	at org.testng.TestRunner.privateRun(TestRunner.java:771)
	at org.testng.TestRunner.run(TestRunner.java:621)
	at org.testng.SuiteRunner.runTest(SuiteRunner.java:357)
	at org.testng.SuiteRunner.runSequentially(SuiteRunner.java:352)
	at org.testng.SuiteRunner.privateRun(SuiteRunner.java:310)
	at org.testng.SuiteRunner.run(SuiteRunner.java:259)
	at org.testng.SuiteRunnerWorker.runSuite(SuiteRunnerWorker.java:52)
	at org.testng.SuiteRunnerWorker.run(SuiteRunnerWorker.java:86)
	at org.testng.TestNG.runSuitesSequentially(TestNG.java:1199)
	at org.testng.TestNG.runSuitesLocally(TestNG.java:1124)
	at org.testng.TestNG.run(TestNG.java:1032)
	at org.testng.remote.AbstractRemoteTestNG.run(AbstractRemoteTestNG.java:132)
	at org.testng.remote.RemoteTestNG.initAndRun(RemoteTestNG.java:230)
	at org.testng.remote.RemoteTestNG.main(RemoteTestNG.java:76)
]]>
    </failure>
  </testcase> <!-- L1_storelist_dropdown -->
  <testcase name="caTSFilerCheck" time="19.199" classname="com.fishbowl.gama.LiveTestCall"/>
  <testcase name="grsSDPBack" time="8.330" classname="com.fishbowl.gama.LiveTestCall"/>
  <testcase name="L2_netSalesNavigator" time="15.252" classname="com.fishbowl.gama.LiveTestCall"/>
  <testcase name="grsSDWBack" time="8.378" classname="com.fishbowl.gama.LiveTestCall"/>
  <testcase name="grsSOTFilerCheck" time="20.915" classname="com.fishbowl.gama.LiveTestCall"/>
  <testcase name="dDWBack" time="8.382" classname="com.fishbowl.gama.LiveTestCall"/>
  <testcase name="acqscheduling" time="5.221" classname="com.fishbowl.gama.LiveTestCall"/>
  <testcase name="L2_guestMixNavigator" time="26.338" classname="com.fishbowl.gama.LiveTestCall"/>
  <testcase name="createBroadcastCampaign" time="17.687" classname="com.fishbowl.gama.LiveTestCall"/>
  <testcase name="nsDWFilerCheck" time="19.172" classname="com.fishbowl.gama.LiveTestCall"/>
  <testcase name="guestCountOverTime" time="24.806" classname="com.fishbowl.gama.LiveTestCall"/>
  <testcase name="guestCountDayOfWeek" time="24.720" classname="com.fishbowl.gama.LiveTestCall"/>
  <testcase name="guestMixPeriodDropdown" time="19.133" classname="com.fishbowl.gama.LiveTestCall"/>
  <testcase name="checkCountOrderMode" time="24.888" classname="com.fishbowl.gama.LiveTestCall"/>
  <testcase name="L2_checkAverageNavigator" time="18.603" classname="com.fishbowl.gama.LiveTestCall"/>
  <testcase name="checkCountFilterDataCheck" time="9.189" classname="com.fishbowl.gama.LiveTestCall"/>
  <testcase name="clusterFrequencyFilerCheck" time="37.855" classname="com.fishbowl.gama.LiveTestCall"/>
  <testcase name="ccOTBack" time="8.393" classname="com.fishbowl.gama.LiveTestCall"/>
  <testcase name="discountDayOfWeek" time="24.636" classname="com.fishbowl.gama.LiveTestCall"/>
  <testcase name="ccDPFilerCheck" time="18.375" classname="com.fishbowl.gama.LiveTestCall"/>
  <testcase name="L3_PromotionNavigator" time="20.334" classname="com.fishbowl.gama.LiveTestCall"/>
  <testcase name="acqcampaignNaivation" time="2.212" classname="com.fishbowl.gama.LiveTestCall"/>
  <testcase name="checkAverageMenuMix" time="24.812" classname="com.fishbowl.gama.LiveTestCall"/>
  <testcase name="campaignFilerCheck" time="25.854" classname="com.fishbowl.gama.LiveTestCall"/>
  <testcase name="guestMixDayOfWeek" time="24.803" classname="com.fishbowl.gama.LiveTestCall"/>
  <testcase name="PromotionBack" time="3.057" classname="com.fishbowl.gama.LiveTestCall"/>
  <testcase name="storeBroadcastSelection" time="4.536" classname="com.fishbowl.gama.LiveTestCall"/>
  <testcase name="topStoresBack" time="0.765" classname="com.fishbowl.gama.LiveTestCall"/>
  <testcase name="L3_PersonaNavigator" time="7.520" classname="com.fishbowl.gama.LiveTestCall"/>
  <testcase name="discountOverTime" time="24.788" classname="com.fishbowl.gama.LiveTestCall"/>
  <testcase name="ccOMFilerCheck" time="18.282" classname="com.fishbowl.gama.LiveTestCall"/>
  <testcase name="dOTBack" time="8.382" classname="com.fishbowl.gama.LiveTestCall"/>
  <testcase name="clusterVolumeFilerCheck" time="28.399" classname="com.fishbowl.gama.LiveTestCall"/>
  <testcase name="grossSalesFilterDataCheck" time="10.214" classname="com.fishbowl.gama.LiveTestCall"/>
  <testcase name="guestMixOverTime" time="24.756" classname="com.fishbowl.gama.LiveTestCall"/>
  <testcase name="L3_Campaign" time="7.944" classname="com.fishbowl.gama.LiveTestCall"/>
  <testcase name="gmDPBack" time="8.359" classname="com.fishbowl.gama.LiveTestCall"/>
  <testcase name="netSalesPeriodDropdown" time="11.420" classname="com.fishbowl.gama.LiveTestCall"/>
  <testcase name="checkAveragePeriodDropdown" time="13.544" classname="com.fishbowl.gama.LiveTestCall"/>
  <testcase name="L3_ItemSales" time="17.252" classname="com.fishbowl.gama.LiveTestCall"/>
  <testcase name="PersonaFilerCheck" time="52.404" classname="com.fishbowl.gama.LiveTestCall"/>
  <testcase name="L1_SMA" time="16.360" classname="com.fishbowl.gama.LiveTestCall"/>
  <testcase name="L1_buttonQuaterApply" time="44.008" classname="com.fishbowl.gama.LiveTestCall"/>
  <testcase name="checkCountQuarterDropdown" time="18.436" classname="com.fishbowl.gama.LiveTestCall"/>
  <testcase name="caOTFilerCheck" time="17.958" classname="com.fishbowl.gama.LiveTestCall"/>
  <testcase name="checkCountOverTime" time="24.849" classname="com.fishbowl.gama.LiveTestCall"/>
  <testcase name="acqcampaignCreation" time="3.553" classname="com.fishbowl.gama.LiveTestCall"/>
  <testcase name="grossSalesDayPart" time="24.738" classname="com.fishbowl.gama.LiveTestCall"/>
  <testcase name="L1_dateStartend" time="0.071" classname="com.fishbowl.gama.LiveTestCall"/>
  <testcase name="nsDPFilerCheck" time="18.302" classname="com.fishbowl.gama.LiveTestCall"/>
  <testcase name="guestMixDayPart" time="24.690" classname="com.fishbowl.gama.LiveTestCall"/>
  <testcase name="dshboardViewMA" time="3.757" classname="com.fishbowl.gama.LiveTestCall"/>
  <testcase name="definingBroadcastCampaign" time="3.126" classname="com.fishbowl.gama.LiveTestCall"/>
  <testcase name="publishBroadcastMessage" time="1.320" classname="com.fishbowl.gama.LiveTestCall"/>
  <testcase name="gmDWBack" time="8.376" classname="com.fishbowl.gama.LiveTestCall"/>
  <testcase name="gmOTBack" time="8.349" classname="com.fishbowl.gama.LiveTestCall"/>
  <testcase name="guestCountDayPart" time="25.217" classname="com.fishbowl.gama.LiveTestCall"/>
  <testcase name="ccOTFilerCheck" time="18.950" classname="com.fishbowl.gama.LiveTestCall"/>
  <testcase name="L1_buttonYearApply" time="2.368" classname="com.fishbowl.gama.LiveTestCall"/>
  <testcase name="grsSDWFilerCheck" time="20.450" classname="com.fishbowl.gama.LiveTestCall"/>
  <testcase name="L2_discountNavigator" time="20.517" classname="com.fishbowl.gama.LiveTestCall"/>
  <testcase name="grossSalesDayOfWeek" time="24.727" classname="com.fishbowl.gama.LiveTestCall"/>
  <testcase name="gcOMBack" time="8.337" classname="com.fishbowl.gama.LiveTestCall"/>
  <testcase name="clusterFrequencyBack" time="3.015" classname="com.fishbowl.gama.LiveTestCall"/>
  <testcase name="guestMixFilterDataCheck" time="6.647" classname="com.fishbowl.gama.LiveTestCall"/>
  <testcase name="ccOMBack" time="8.332" classname="com.fishbowl.gama.LiveTestCall"/>
  <testcase name="grossSalesBack" time="4.016" classname="com.fishbowl.gama.LiveTestCall"/>
  <testcase name="nsOTBack" time="8.425" classname="com.fishbowl.gama.LiveTestCall"/>
  <testcase name="dDWFilerCheck" time="18.148" classname="com.fishbowl.gama.LiveTestCall"/>
  <testcase name="nsOMBack" time="8.434" classname="com.fishbowl.gama.LiveTestCall"/>
  <testcase name="PersonaBack" time="2.754" classname="com.fishbowl.gama.LiveTestCall"/>
  <testcase name="caOTBack" time="8.330" classname="com.fishbowl.gama.LiveTestCall"/>
  <testcase name="MaCampaignPageNavigation" time="6.394" classname="com.fishbowl.gama.LiveTestCall"/>
  <testcase name="checkCountDayPart" time="24.794" classname="com.fishbowl.gama.LiveTestCall"/>
  <testcase name="guestMixBack" time="2.175" classname="com.fishbowl.gama.LiveTestCall"/>
  <testcase name="clusterRecencyBack" time="3.159" classname="com.fishbowl.gama.LiveTestCall"/>
  <testcase name="gmOMBack" time="8.360" classname="com.fishbowl.gama.LiveTestCall"/>
  <testcase name="grossSalesPeriodDropdown" time="4.156" classname="com.fishbowl.gama.LiveTestCall"/>
  <testcase name="grossSalesOrderMode" time="24.689" classname="com.fishbowl.gama.LiveTestCall"/>
  <testcase name="gmOMFilerCheck" time="18.700" classname="com.fishbowl.gama.LiveTestCall"/>
  <testcase name="checkAverageTopStores" time="24.717" classname="com.fishbowl.gama.LiveTestCall"/>
  <testcase name="checkCountPeriodDropdown" time="3.502" classname="com.fishbowl.gama.LiveTestCall"/>
  <testcase name="ccDWFilerCheck" time="17.871" classname="com.fishbowl.gama.LiveTestCall"/>
  <testcase name="acqpublishig" time="5.284" classname="com.fishbowl.gama.LiveTestCall"/>
  <testcase name="checkboxClick" time="8.426" classname="com.fishbowl.gama.LiveTestCall"/>
  <testcase name="grossSalesQuarterDropdown" time="11.183" classname="com.fishbowl.gama.LiveTestCall"/>
  <testcase name="netsalesDayOfWeek" time="24.692" classname="com.fishbowl.gama.LiveTestCall"/>
  <testcase name="guestCountQuarterDropdown" time="16.949" classname="com.fishbowl.gama.LiveTestCall"/>
  <testcase name="campaignBack" time="2.803" classname="com.fishbowl.gama.LiveTestCall"/>
  <testcase name="ccDWBack" time="8.366" classname="com.fishbowl.gama.LiveTestCall"/>
  <testcase name="L2_guestCountNavigator" time="22.772" classname="com.fishbowl.gama.LiveTestCall"/>
  <testcase name="snedBroadcastNow" time="1.114" classname="com.fishbowl.gama.LiveTestCall"/>
  <testcase name="netsalesBack" time="13.195" classname="com.fishbowl.gama.LiveTestCall"/>
  <testcase name="L3_clusterFrequencyNavigator" time="9.243" classname="com.fishbowl.gama.LiveTestCall"/>
  <testcase name="L3_clusterRecencyNavigator" time="10.845" classname="com.fishbowl.gama.LiveTestCall"/>
  <testcase name="netsalesDayPart" time="24.690" classname="com.fishbowl.gama.LiveTestCall"/>
  <testcase name="dDDPBack" time="8.339" classname="com.fishbowl.gama.LiveTestCall"/>
  <testcase name="netsalesOrderMode" time="24.703" classname="com.fishbowl.gama.LiveTestCall"/>
  <testcase name="L2_grossSalesNavigator" time="20.782" classname="com.fishbowl.gama.LiveTestCall"/>
  <testcase name="gmDWFilerCheck" time="18.399" classname="com.fishbowl.gama.LiveTestCall"/>
  <testcase name="acqdefineCmapaign" time="4.094" classname="com.fishbowl.gama.LiveTestCall"/>
  <testcase name="checkCountDayOfWeek" time="25.076" classname="com.fishbowl.gama.LiveTestCall"/>
  <testcase name="grsSOMFilerCheck" time="18.728" classname="com.fishbowl.gama.LiveTestCall"/>
  <testcase name="PromotionFilerCheck" time="32.563" classname="com.fishbowl.gama.LiveTestCall"/>
  <testcase name="gcDPFilerCheck" time="20.086" classname="com.fishbowl.gama.LiveTestCall"/>
  <testcase name="gcOTFilerCheck" time="22.140" classname="com.fishbowl.gama.LiveTestCall"/>
  <testcase name="gcDWBack" time="8.407" classname="com.fishbowl.gama.LiveTestCall"/>
  <testcase name="checkAverageQuarterDropdown" time="13.346" classname="com.fishbowl.gama.LiveTestCall"/>
  <testcase name="clusterSpendBack" time="2.524" classname="com.fishbowl.gama.LiveTestCall"/>
  <testcase name="discountQuarterDropdown" time="25.989" classname="com.fishbowl.gama.LiveTestCall"/>
  <testcase name="discountOrderMode" time="24.661" classname="com.fishbowl.gama.LiveTestCall"/>
  <testcase name="nsDPBack" time="8.425" classname="com.fishbowl.gama.LiveTestCall"/>
  <testcase name="dOMBack" time="8.308" classname="com.fishbowl.gama.LiveTestCall"/>
  <testcase name="itemSalesBack" time="1.341" classname="com.fishbowl.gama.LiveTestCall"/>
  <testcase name="L3_TopStores" time="6.571" classname="com.fishbowl.gama.LiveTestCall"/>
  <testcase name="netsalesOverTime" time="24.986" classname="com.fishbowl.gama.LiveTestCall"/>
  <testcase name="acquisitionStart" time="8.667" classname="com.fishbowl.gama.LiveTestCall"/>
  <testcase name="itemSalesFilerCheck" time="26.795" classname="com.fishbowl.gama.LiveTestCall"/>
  <testcase name="nsOMFilerCheck" time="18.652" classname="com.fishbowl.gama.LiveTestCall"/>
  <testcase name="acqsubscriptionCriteria" time="0.331" classname="com.fishbowl.gama.LiveTestCall"/>
  <testcase name="grossSalesOverTime" time="24.712" classname="com.fishbowl.gama.LiveTestCall"/>
  <testcase name="guestCountFilterDataCheck" time="11.327" classname="com.fishbowl.gama.LiveTestCall"/>
  <testcase name="gmOTFilerCheck" time="17.714" classname="com.fishbowl.gama.LiveTestCall"/>
  <testcase name="gcOMFilerCheck" time="19.187" classname="com.fishbowl.gama.LiveTestCall"/>
  <testcase name="L3_clusterSpendNavigator" time="18.975" classname="com.fishbowl.gama.LiveTestCall"/>
  <testcase name="L1_buttonPeriodApply" time="43.817" classname="com.fishbowl.gama.LiveTestCall"/>
  <testcase name="ccDPBack" time="8.536" classname="com.fishbowl.gama.LiveTestCall"/>
  <testcase name="topStoresFilerCheck" time="22.462" classname="com.fishbowl.gama.LiveTestCall"/>
  <testcase name="netSalesQuarterDropdown" time="10.926" classname="com.fishbowl.gama.LiveTestCall"/>
  <testcase name="discountDiscountDistribution" time="24.732" classname="com.fishbowl.gama.LiveTestCall"/>
  <testcase name="L1_storename_dropdown" time="12.493" classname="com.fishbowl.gama.LiveTestCall">
    <failure type="java.lang.AssertionError" message="expected [true] but found [false]">
      <![CDATA[java.lang.AssertionError: expected [true] but found [false]
	at org.testng.Assert.fail(Assert.java:94)
	at org.testng.Assert.failNotEquals(Assert.java:496)
	at org.testng.Assert.assertEquals(Assert.java:125)
	at org.testng.Assert.assertEquals(Assert.java:288)
	at org.testng.Assert.assertEquals(Assert.java:298)
	at com.fishbowl.gama.LiveTestCall.L1_storename_dropdown(LiveTestCall.java:38)
	at sun.reflect.NativeMethodAccessorImpl.invoke0(Native Method)
	at sun.reflect.NativeMethodAccessorImpl.invoke(Unknown Source)
	at sun.reflect.DelegatingMethodAccessorImpl.invoke(Unknown Source)
	at java.lang.reflect.Method.invoke(Unknown Source)
	at org.testng.internal.MethodInvocationHelper.invokeMethod(MethodInvocationHelper.java:85)
	at org.testng.internal.Invoker.invokeMethod(Invoker.java:659)
	at org.testng.internal.Invoker.invokeTestMethod(Invoker.java:845)
	at org.testng.internal.Invoker.invokeTestMethods(Invoker.java:1153)
	at org.testng.internal.TestMethodWorker.invokeTestMethods(TestMethodWorker.java:125)
	at org.testng.internal.TestMethodWorker.run(TestMethodWorker.java:108)
	at org.testng.TestRunner.privateRun(TestRunner.java:771)
	at org.testng.TestRunner.run(TestRunner.java:621)
	at org.testng.SuiteRunner.runTest(SuiteRunner.java:357)
	at org.testng.SuiteRunner.runSequentially(SuiteRunner.java:352)
	at org.testng.SuiteRunner.privateRun(SuiteRunner.java:310)
	at org.testng.SuiteRunner.run(SuiteRunner.java:259)
	at org.testng.SuiteRunnerWorker.runSuite(SuiteRunnerWorker.java:52)
	at org.testng.SuiteRunnerWorker.run(SuiteRunnerWorker.java:86)
	at org.testng.TestNG.runSuitesSequentially(TestNG.java:1199)
	at org.testng.TestNG.runSuitesLocally(TestNG.java:1124)
	at org.testng.TestNG.run(TestNG.java:1032)
	at org.testng.remote.AbstractRemoteTestNG.run(AbstractRemoteTestNG.java:132)
	at org.testng.remote.RemoteTestNG.initAndRun(RemoteTestNG.java:230)
	at org.testng.remote.RemoteTestNG.main(RemoteTestNG.java:76)
]]>
    </failure>
  </testcase> <!-- L1_storename_dropdown -->
  <testcase name="gcOTBack" time="8.462" classname="com.fishbowl.gama.LiveTestCall"/>
  <testcase name="caTSBack" time="8.424" classname="com.fishbowl.gama.LiveTestCall"/>
  <testcase name="guestCountOrderMode" time="25.064" classname="com.fishbowl.gama.LiveTestCall"/>
  <testcase name="guestMixQuarterDropdown" time="21.236" classname="com.fishbowl.gama.LiveTestCall"/>
  <testcase name="dDDFilerCheck" time="17.985" classname="com.fishbowl.gama.LiveTestCall"/>
  <testcase name="netSalesFilterDataCheck" time="10.392" classname="com.fishbowl.gama.LiveTestCall"/>
  <testcase name="nsDWBack" time="8.371" classname="com.fishbowl.gama.LiveTestCall"/>
  <testcase name="discountPeriodDropdown" time="9.242" classname="com.fishbowl.gama.LiveTestCall"/>
  <testcase name="dOTFilerCheck" time="19.192" classname="com.fishbowl.gama.LiveTestCall"/>
  <testcase name="clusterRecencyFilerCheck" time="39.369" classname="com.fishbowl.gama.LiveTestCall"/>
  <testcase name="dOMFilerCheck" time="17.817" classname="com.fishbowl.gama.LiveTestCall"/>
  <testcase name="L2_checkCountNavigator" time="25.039" classname="com.fishbowl.gama.LiveTestCall"/>
  <testcase name="audienceBroadcastSelection" time="0.217" classname="com.fishbowl.gama.LiveTestCall"/>
  <testcase name="checkAverageBack" time="2.264" classname="com.fishbowl.gama.LiveTestCall"/>
  <testcase name="L3_clusterVolumeNavigator" time="21.899" classname="com.fishbowl.gama.LiveTestCall"/>
  <testcase name="L3_SMSDetails" time="23.205" classname="com.fishbowl.gama.LiveTestCall"/>
  <testcase name="smaDetailsFilerCheck" time="27.711" classname="com.fishbowl.gama.LiveTestCall"/>
</testsuite> <!-- com.fishbowl.gama.LiveTestCall -->
