<?xml version="1.0" encoding="UTF-8"?>
<!-- Generated by org.testng.reporters.JUnitReportReporter -->
<testsuite hostname="FB-schaudhary-ic" name="com.fishbowl.testclp2.ClpTest2Call" tests="6" failures="0" timestamp="22 May 2017 13:06:02 GMT" time="32.862" errors="0">
  <testcase name="login" time="2.894" classname="com.fishbowl.testclp2.ClpTest2Call"/>
  <testcase name="definingCampaign" time="14.729" classname="com.fishbowl.testclp2.ClpTest2Call"/>
  <testcase name="targetedAudience" time="8.266" classname="com.fishbowl.testclp2.ClpTest2Call"/>
  <testcase name="playingSMS" time="4.098" classname="com.fishbowl.testclp2.ClpTest2Call"/>
  <testcase name="cmapaignCreation" time="1.912" classname="com.fishbowl.testclp2.ClpTest2Call"/>
  <testcase name="scheduling" time="0.963" classname="com.fishbowl.testclp2.ClpTest2Call"/>
</testsuite> <!-- com.fishbowl.testclp2.ClpTest2Call -->
