<?xml version="1.0" encoding="UTF-8"?>
<!-- Generated by org.testng.reporters.JUnitReportReporter -->
<testsuite hostname="FB-schaudhary-ic" name="malive.AcqZipAppendRun" tests="7" failures="0" timestamp="26 May 2017 08:51:29 GMT" time="56.908" errors="0">
  <testcase name="campaignCreation" time="2.063" classname="malive.AcqZipAppendRun"/>
  <testcase name="publishig" time="5.127" classname="malive.AcqZipAppendRun"/>
  <testcase name="defineCmapaign" time="4.342" classname="malive.AcqZipAppendRun"/>
  <testcase name="dshboardView" time="36.765" classname="malive.AcqZipAppendRun"/>
  <testcase name="campaignNaivation" time="3.033" classname="malive.AcqZipAppendRun"/>
  <testcase name="scheduling" time="5.254" classname="malive.AcqZipAppendRun"/>
  <testcase name="subscriptionCriteria" time="0.324" classname="malive.AcqZipAppendRun"/>
</testsuite> <!-- malive.AcqZipAppendRun -->
