<?xml version="1.0" encoding="UTF-8"?>
<!-- Generated by org.testng.reporters.JUnitReportReporter -->
<testsuite hostname="FB-schaudhary-ic" name="com.fishbowl.testclp2.ClpTest2Call" tests="6" failures="0" timestamp="26 May 2017 11:42:55 GMT" time="33.966" errors="0">
  <testcase name="login" time="3.520" classname="com.fishbowl.testclp2.ClpTest2Call"/>
  <testcase name="definingCampaign" time="14.869" classname="com.fishbowl.testclp2.ClpTest2Call"/>
  <testcase name="targetedAudience" time="7.917" classname="com.fishbowl.testclp2.ClpTest2Call"/>
  <testcase name="scheduling" time="1.389" classname="com.fishbowl.testclp2.ClpTest2Call"/>
  <testcase name="playingSMS" time="4.268" classname="com.fishbowl.testclp2.ClpTest2Call"/>
  <testcase name="cmapaignCreation" time="2.003" classname="com.fishbowl.testclp2.ClpTest2Call"/>
</testsuite> <!-- com.fishbowl.testclp2.ClpTest2Call -->
