<?xml version="1.0" encoding="UTF-8"?>
<!-- Generated by org.testng.reporters.JUnitReportReporter -->
<testsuite hostname="FB-schaudhary-ic" name="malive.SMSBroadcastExtSegment" tests="8" failures="0" timestamp="12 May 2017 06:03:08 GMT" time="500.881" errors="0">
  <testcase name="snedNow" time="120.061" classname="malive.SMSBroadcastExtSegment"/>
  <testcase name="dshboardView" time="11.837" classname="malive.SMSBroadcastExtSegment"/>
  <testcase name="CampaignPageNavigation" time="1.606" classname="malive.SMSBroadcastExtSegment"/>
  <testcase name="segmentselection" time="120.075" classname="malive.SMSBroadcastExtSegment"/>
  <testcase name="audienceSelection" time="120.047" classname="malive.SMSBroadcastExtSegment"/>
  <testcase name="createCampaign" time="5.529" classname="malive.SMSBroadcastExtSegment"/>
  <testcase name="definingCampaign" time="1.703" classname="malive.SMSBroadcastExtSegment"/>
  <testcase name="publishMessage" time="120.023" classname="malive.SMSBroadcastExtSegment"/>
</testsuite> <!-- malive.SMSBroadcastExtSegment -->
