<?xml version="1.0" encoding="UTF-8"?>
<!-- Generated by org.testng.reporters.JUnitReportReporter -->
<testsuite hostname="FB-schaudhary-ic" name="pkg1.Optimized" tests="9" failures="0" timestamp="26 May 2017 15:22:58 GMT" time="836.976" errors="0">
  <testcase name="TestCheckAvg" time="64.063" classname="pkg1.Optimized"/>
  <testcase name="TestGuestCount" time="23.332" classname="pkg1.Optimized"/>
  <testcase name="TestGuestMix" time="231.175" classname="pkg1.Optimized"/>
  <testcase name="TestCheckcount" time="32.749" classname="pkg1.Optimized"/>
  <testcase name="TestDiscount" time="38.986" classname="pkg1.Optimized"/>
  <testcase name="RestL3" time="142.797" classname="pkg1.Optimized"/>
  <testcase name="TestgrossSales" time="22.450" classname="pkg1.Optimized"/>
  <testcase name="TestNetsales" time="55.153" classname="pkg1.Optimized"/>
  <testcase name="TestCockpit" time="226.271" classname="pkg1.Optimized"/>
</testsuite> <!-- pkg1.Optimized -->
