<?xml version="1.0" encoding="UTF-8"?>
<!-- Generated by org.testng.reporters.JUnitReportReporter -->
<testsuite hostname="FB-schaudhary-ic" name="malive.AcqZipAppendRun" tests="7" failures="0" timestamp="12 May 2017 06:14:27 GMT" time="38.327" errors="0">
  <testcase name="scheduling" time="5.091" classname="malive.AcqZipAppendRun"/>
  <testcase name="campaignNaivation" time="2.853" classname="malive.AcqZipAppendRun"/>
  <testcase name="defineCmapaign" time="12.826" classname="malive.AcqZipAppendRun"/>
  <testcase name="campaignCreation" time="1.830" classname="malive.AcqZipAppendRun"/>
  <testcase name="publishig" time="5.092" classname="malive.AcqZipAppendRun"/>
  <testcase name="subscriptionCriteria" time="0.270" classname="malive.AcqZipAppendRun"/>
  <testcase name="dshboardView" time="10.365" classname="malive.AcqZipAppendRun"/>
</testsuite> <!-- malive.AcqZipAppendRun -->
