<?xml version="1.0" encoding="UTF-8"?>
<!-- Generated by org.testng.reporters.JUnitReportReporter -->
<testsuite hostname="FB-schaudhary-ic" name="analyticsLive.MyCustomGARun" tests="2" failures="0" timestamp="25 May 2017 09:10:59 GMT" time="116.190" errors="0">
  <testcase name="dshboardView" time="19.496" classname="analyticsLive.MyCustomGARun"/>
  <testcase name="L3_PromotionNavigator" time="96.694" classname="analyticsLive.MyCustomGARun"/>
</testsuite> <!-- analyticsLive.MyCustomGARun -->
