<?xml version="1.0" encoding="UTF-8"?>
<!-- Generated by org.testng.reporters.JUnitReportReporter -->
<testsuite hostname="FB-schaudhary-ic" name="malive.SMSBroadcastStore" tests="9" failures="0" timestamp="12 May 2017 06:09:45 GMT" time="192.530" errors="0">
  <testcase name="databseCheck" time="166.420" classname="malive.SMSBroadcastStore"/>
  <testcase name="snedNow" time="1.478" classname="malive.SMSBroadcastStore"/>
  <testcase name="dshboardView" time="11.183" classname="malive.SMSBroadcastStore"/>
  <testcase name="storeSelection" time="3.895" classname="malive.SMSBroadcastStore"/>
  <testcase name="CampaignPageNavigation" time="1.322" classname="malive.SMSBroadcastStore"/>
  <testcase name="audienceSelection" time="0.168" classname="malive.SMSBroadcastStore"/>
  <testcase name="createCampaign" time="5.722" classname="malive.SMSBroadcastStore"/>
  <testcase name="definingCampaign" time="1.437" classname="malive.SMSBroadcastStore"/>
  <testcase name="publishMessage" time="0.905" classname="malive.SMSBroadcastStore"/>
</testsuite> <!-- malive.SMSBroadcastStore -->
