<?xml version="1.0" encoding="UTF-8"?>
<!-- Generated by org.testng.reporters.JUnitReportReporter -->
<testsuite hostname="FB-schaudhary-ic" name="com.fishbowl.gama.LiveTestCall" tests="171" failures="15" timestamp="26 May 2017 12:21:57 GMT" time="3750.868" errors="0">
  <testcase name="guestMixOrderMode" time="25.374" classname="com.fishbowl.gama.LiveTestCall"/>
  <testcase name="checkCountQuarterDropdown" time="22.510" classname="com.fishbowl.gama.LiveTestCall"/>
  <testcase name="ccDPFilerCheck" time="25.149" classname="com.fishbowl.gama.LiveTestCall"/>
  <testcase name="grossSalesOrderMode" time="25.109" classname="com.fishbowl.gama.LiveTestCall"/>
  <testcase name="L2_guestMixNavigator" time="31.535" classname="com.fishbowl.gama.LiveTestCall"/>
  <testcase name="L3_TopStores" time="7.637" classname="com.fishbowl.gama.LiveTestCall">
    <failure type="java.lang.AssertionError" message="expected [true] but found [false]">
      <![CDATA[java.lang.AssertionError: expected [true] but found [false]
	at org.testng.Assert.fail(Assert.java:94)
	at org.testng.Assert.failNotEquals(Assert.java:496)
	at org.testng.Assert.assertEquals(Assert.java:125)
	at org.testng.Assert.assertEquals(Assert.java:288)
	at org.testng.Assert.assertEquals(Assert.java:298)
	at com.fishbowl.gama.LiveTestCall.L3_TopStores(LiveTestCall.java:789)
	at sun.reflect.NativeMethodAccessorImpl.invoke0(Native Method)
	at sun.reflect.NativeMethodAccessorImpl.invoke(Unknown Source)
	at sun.reflect.DelegatingMethodAccessorImpl.invoke(Unknown Source)
	at java.lang.reflect.Method.invoke(Unknown Source)
	at org.testng.internal.MethodInvocationHelper.invokeMethod(MethodInvocationHelper.java:85)
	at org.testng.internal.Invoker.invokeMethod(Invoker.java:659)
	at org.testng.internal.Invoker.invokeTestMethod(Invoker.java:845)
	at org.testng.internal.Invoker.invokeTestMethods(Invoker.java:1153)
	at org.testng.internal.TestMethodWorker.invokeTestMethods(TestMethodWorker.java:125)
	at org.testng.internal.TestMethodWorker.run(TestMethodWorker.java:108)
	at org.testng.TestRunner.privateRun(TestRunner.java:771)
	at org.testng.TestRunner.run(TestRunner.java:621)
	at org.testng.SuiteRunner.runTest(SuiteRunner.java:357)
	at org.testng.SuiteRunner.runSequentially(SuiteRunner.java:352)
	at org.testng.SuiteRunner.privateRun(SuiteRunner.java:310)
	at org.testng.SuiteRunner.run(SuiteRunner.java:259)
	at org.testng.SuiteRunnerWorker.runSuite(SuiteRunnerWorker.java:52)
	at org.testng.SuiteRunnerWorker.run(SuiteRunnerWorker.java:86)
	at org.testng.TestNG.runSuitesSequentially(TestNG.java:1199)
	at org.testng.TestNG.runSuitesLocally(TestNG.java:1124)
	at org.testng.TestNG.run(TestNG.java:1032)
	at org.testng.remote.AbstractRemoteTestNG.run(AbstractRemoteTestNG.java:132)
	at org.testng.remote.RemoteTestNG.initAndRun(RemoteTestNG.java:230)
	at org.testng.remote.RemoteTestNG.main(RemoteTestNG.java:76)
]]>
    </failure>
  </testcase> <!-- L3_TopStores -->
  <testcase name="gmOMBack" time="22.487" classname="com.fishbowl.gama.LiveTestCall"/>
  <testcase name="gmOMFilerCheck" time="20.173" classname="com.fishbowl.gama.LiveTestCall"/>
  <testcase name="checkCountPeriodDropdown" time="14.548" classname="com.fishbowl.gama.LiveTestCall"/>
  <testcase name="guestCountBack" time="2.474" classname="com.fishbowl.gama.LiveTestCall"/>
  <testcase name="grsSDPBack" time="3.057" classname="com.fishbowl.gama.LiveTestCall"/>
  <testcase name="checkCountOverTime" time="25.221" classname="com.fishbowl.gama.LiveTestCall"/>
  <testcase name="discountBack" time="2.131" classname="com.fishbowl.gama.LiveTestCall"/>
  <testcase name="discountQuarterDropdown" time="17.705" classname="com.fishbowl.gama.LiveTestCall"/>
  <testcase name="L3_PromotionNavigator" time="16.553" classname="com.fishbowl.gama.LiveTestCall"/>
  <testcase name="netsalesOverTime" time="25.152" classname="com.fishbowl.gama.LiveTestCall"/>
  <testcase name="grossSalesOverTime" time="25.298" classname="com.fishbowl.gama.LiveTestCall"/>
  <testcase name="grsSDPFilerCheck" time="17.978" classname="com.fishbowl.gama.LiveTestCall"/>
  <testcase name="grossSalesPeriodDropdown" time="3.624" classname="com.fishbowl.gama.LiveTestCall"/>
  <testcase name="ccOTFilerCheck" time="20.090" classname="com.fishbowl.gama.LiveTestCall"/>
  <testcase name="caTSFilerCheck" time="20.839" classname="com.fishbowl.gama.LiveTestCall"/>
  <testcase name="checkCountDayPart" time="26.389" classname="com.fishbowl.gama.LiveTestCall"/>
  <testcase name="gcDPBack" time="3.887" classname="com.fishbowl.gama.LiveTestCall"/>
  <testcase name="definingBroadcastCampaign" time="2.895" classname="com.fishbowl.gama.LiveTestCall"/>
  <testcase name="L1_buttonYearApply" time="3.241" classname="com.fishbowl.gama.LiveTestCall"/>
  <testcase name="clusterFrequencyFilerCheck" time="127.080" classname="com.fishbowl.gama.LiveTestCall">
    <failure type="java.lang.AssertionError" message="expected [true] but found [false]">
      <![CDATA[java.lang.AssertionError: expected [true] but found [false]
	at org.testng.Assert.fail(Assert.java:94)
	at org.testng.Assert.failNotEquals(Assert.java:496)
	at org.testng.Assert.assertEquals(Assert.java:125)
	at org.testng.Assert.assertEquals(Assert.java:288)
	at org.testng.Assert.assertEquals(Assert.java:298)
	at com.fishbowl.gama.LiveTestCall.clusterFrequencyFilerCheck(LiveTestCall.java:930)
	at sun.reflect.NativeMethodAccessorImpl.invoke0(Native Method)
	at sun.reflect.NativeMethodAccessorImpl.invoke(Unknown Source)
	at sun.reflect.DelegatingMethodAccessorImpl.invoke(Unknown Source)
	at java.lang.reflect.Method.invoke(Unknown Source)
	at org.testng.internal.MethodInvocationHelper.invokeMethod(MethodInvocationHelper.java:85)
	at org.testng.internal.Invoker.invokeMethod(Invoker.java:659)
	at org.testng.internal.Invoker.invokeTestMethod(Invoker.java:845)
	at org.testng.internal.Invoker.invokeTestMethods(Invoker.java:1153)
	at org.testng.internal.TestMethodWorker.invokeTestMethods(TestMethodWorker.java:125)
	at org.testng.internal.TestMethodWorker.run(TestMethodWorker.java:108)
	at org.testng.TestRunner.privateRun(TestRunner.java:771)
	at org.testng.TestRunner.run(TestRunner.java:621)
	at org.testng.SuiteRunner.runTest(SuiteRunner.java:357)
	at org.testng.SuiteRunner.runSequentially(SuiteRunner.java:352)
	at org.testng.SuiteRunner.privateRun(SuiteRunner.java:310)
	at org.testng.SuiteRunner.run(SuiteRunner.java:259)
	at org.testng.SuiteRunnerWorker.runSuite(SuiteRunnerWorker.java:52)
	at org.testng.SuiteRunnerWorker.run(SuiteRunnerWorker.java:86)
	at org.testng.TestNG.runSuitesSequentially(TestNG.java:1199)
	at org.testng.TestNG.runSuitesLocally(TestNG.java:1124)
	at org.testng.TestNG.run(TestNG.java:1032)
	at org.testng.remote.AbstractRemoteTestNG.run(AbstractRemoteTestNG.java:132)
	at org.testng.remote.RemoteTestNG.initAndRun(RemoteTestNG.java:230)
	at org.testng.remote.RemoteTestNG.main(RemoteTestNG.java:76)
]]>
    </failure>
  </testcase> <!-- clusterFrequencyFilerCheck -->
  <testcase name="guestCountFilterDataCheck" time="9.352" classname="com.fishbowl.gama.LiveTestCall"/>
  <testcase name="L3_clusterVolumeNavigator" time="125.238" classname="com.fishbowl.gama.LiveTestCall">
    <failure type="java.lang.AssertionError" message="expected [true] but found [false]">
      <![CDATA[java.lang.AssertionError: expected [true] but found [false]
	at org.testng.Assert.fail(Assert.java:94)
	at org.testng.Assert.failNotEquals(Assert.java:496)
	at org.testng.Assert.assertEquals(Assert.java:125)
	at org.testng.Assert.assertEquals(Assert.java:288)
	at org.testng.Assert.assertEquals(Assert.java:298)
	at com.fishbowl.gama.LiveTestCall.L3_clusterVolumeNavigator(LiveTestCall.java:942)
	at sun.reflect.NativeMethodAccessorImpl.invoke0(Native Method)
	at sun.reflect.NativeMethodAccessorImpl.invoke(Unknown Source)
	at sun.reflect.DelegatingMethodAccessorImpl.invoke(Unknown Source)
	at java.lang.reflect.Method.invoke(Unknown Source)
	at org.testng.internal.MethodInvocationHelper.invokeMethod(MethodInvocationHelper.java:85)
	at org.testng.internal.Invoker.invokeMethod(Invoker.java:659)
	at org.testng.internal.Invoker.invokeTestMethod(Invoker.java:845)
	at org.testng.internal.Invoker.invokeTestMethods(Invoker.java:1153)
	at org.testng.internal.TestMethodWorker.invokeTestMethods(TestMethodWorker.java:125)
	at org.testng.internal.TestMethodWorker.run(TestMethodWorker.java:108)
	at org.testng.TestRunner.privateRun(TestRunner.java:771)
	at org.testng.TestRunner.run(TestRunner.java:621)
	at org.testng.SuiteRunner.runTest(SuiteRunner.java:357)
	at org.testng.SuiteRunner.runSequentially(SuiteRunner.java:352)
	at org.testng.SuiteRunner.privateRun(SuiteRunner.java:310)
	at org.testng.SuiteRunner.run(SuiteRunner.java:259)
	at org.testng.SuiteRunnerWorker.runSuite(SuiteRunnerWorker.java:52)
	at org.testng.SuiteRunnerWorker.run(SuiteRunnerWorker.java:86)
	at org.testng.TestNG.runSuitesSequentially(TestNG.java:1199)
	at org.testng.TestNG.runSuitesLocally(TestNG.java:1124)
	at org.testng.TestNG.run(TestNG.java:1032)
	at org.testng.remote.AbstractRemoteTestNG.run(AbstractRemoteTestNG.java:132)
	at org.testng.remote.RemoteTestNG.initAndRun(RemoteTestNG.java:230)
	at org.testng.remote.RemoteTestNG.main(RemoteTestNG.java:76)
]]>
    </failure>
  </testcase> <!-- L3_clusterVolumeNavigator -->
  <testcase name="itemSalesBack" time="1.290" classname="com.fishbowl.gama.LiveTestCall"/>
  <testcase name="discountDiscountDistribution" time="25.055" classname="com.fishbowl.gama.LiveTestCall"/>
  <testcase name="dOMFilerCheck" time="17.365" classname="com.fishbowl.gama.LiveTestCall"/>
  <testcase name="guestMixQuarterDropdown" time="27.121" classname="com.fishbowl.gama.LiveTestCall"/>
  <testcase name="grsSDWBack" time="4.922" classname="com.fishbowl.gama.LiveTestCall"/>
  <testcase name="topStoresBack" time="1.927" classname="com.fishbowl.gama.LiveTestCall"/>
  <testcase name="checkCountDayOfWeek" time="25.063" classname="com.fishbowl.gama.LiveTestCall"/>
  <testcase name="nsOMFilerCheck" time="18.252" classname="com.fishbowl.gama.LiveTestCall"/>
  <testcase name="caMMBack" time="19.518" classname="com.fishbowl.gama.LiveTestCall"/>
  <testcase name="checkAverageOverTime" time="24.883" classname="com.fishbowl.gama.LiveTestCall"/>
  <testcase name="L3_LoyaltyNavigator" time="11.192" classname="com.fishbowl.gama.LiveTestCall"/>
  <testcase name="guestCountOrderMode" time="25.508" classname="com.fishbowl.gama.LiveTestCall"/>
  <testcase name="nsDPFilerCheck" time="18.388" classname="com.fishbowl.gama.LiveTestCall"/>
  <testcase name="campaignFilerCheck" time="24.475" classname="com.fishbowl.gama.LiveTestCall"/>
  <testcase name="checkboxClick" time="8.429" classname="com.fishbowl.gama.LiveTestCall"/>
  <testcase name="nsOTFilerCheck" time="18.786" classname="com.fishbowl.gama.LiveTestCall"/>
  <testcase name="ccOTBack" time="4.894" classname="com.fishbowl.gama.LiveTestCall"/>
  <testcase name="nsDWFilerCheck" time="18.362" classname="com.fishbowl.gama.LiveTestCall"/>
  <testcase name="gcOMBack" time="3.543" classname="com.fishbowl.gama.LiveTestCall"/>
  <testcase name="caOTBack" time="24.466" classname="com.fishbowl.gama.LiveTestCall"/>
  <testcase name="guestCountPeriodDropdown" time="4.084" classname="com.fishbowl.gama.LiveTestCall"/>
  <testcase name="nsDPBack" time="2.490" classname="com.fishbowl.gama.LiveTestCall"/>
  <testcase name="ccOMBack" time="2.837" classname="com.fishbowl.gama.LiveTestCall"/>
  <testcase name="grsSOMFilerCheck" time="18.421" classname="com.fishbowl.gama.LiveTestCall"/>
  <testcase name="L3_clusterSpendNavigator" time="24.492" classname="com.fishbowl.gama.LiveTestCall"/>
  <testcase name="L3_SMSDetails" time="44.058" classname="com.fishbowl.gama.LiveTestCall"/>
  <testcase name="gcDPFilerCheck" time="18.456" classname="com.fishbowl.gama.LiveTestCall"/>
  <testcase name="acqcampaignCreation" time="3.288" classname="com.fishbowl.gama.LiveTestCall"/>
  <testcase name="grsSOMBack" time="3.631" classname="com.fishbowl.gama.LiveTestCall"/>
  <testcase name="ccDWBack" time="2.760" classname="com.fishbowl.gama.LiveTestCall"/>
  <testcase name="guestMixBack" time="3.204" classname="com.fishbowl.gama.LiveTestCall"/>
  <testcase name="L1_dateStartend" time="0.126" classname="com.fishbowl.gama.LiveTestCall"/>
  <testcase name="nsDWBack" time="3.775" classname="com.fishbowl.gama.LiveTestCall"/>
  <testcase name="acqpublishig" time="5.115" classname="com.fishbowl.gama.LiveTestCall"/>
  <testcase name="L2_netSalesNavigator" time="19.592" classname="com.fishbowl.gama.LiveTestCall"/>
  <testcase name="createBroadcastCampaign" time="13.519" classname="com.fishbowl.gama.LiveTestCall"/>
  <testcase name="storeBroadcastSelection" time="120.125" classname="com.fishbowl.gama.LiveTestCall">
    <failure type="java.lang.AssertionError" message="expected [true] but found [false]">
      <![CDATA[java.lang.AssertionError: expected [true] but found [false]
	at org.testng.Assert.fail(Assert.java:94)
	at org.testng.Assert.failNotEquals(Assert.java:496)
	at org.testng.Assert.assertEquals(Assert.java:125)
	at org.testng.Assert.assertEquals(Assert.java:288)
	at org.testng.Assert.assertEquals(Assert.java:298)
	at com.fishbowl.gama.LiveTestCall.storeBroadcastSelection(LiveTestCall.java:1068)
	at sun.reflect.NativeMethodAccessorImpl.invoke0(Native Method)
	at sun.reflect.NativeMethodAccessorImpl.invoke(Unknown Source)
	at sun.reflect.DelegatingMethodAccessorImpl.invoke(Unknown Source)
	at java.lang.reflect.Method.invoke(Unknown Source)
	at org.testng.internal.MethodInvocationHelper.invokeMethod(MethodInvocationHelper.java:85)
	at org.testng.internal.Invoker.invokeMethod(Invoker.java:659)
	at org.testng.internal.Invoker.invokeTestMethod(Invoker.java:845)
	at org.testng.internal.Invoker.invokeTestMethods(Invoker.java:1153)
	at org.testng.internal.TestMethodWorker.invokeTestMethods(TestMethodWorker.java:125)
	at org.testng.internal.TestMethodWorker.run(TestMethodWorker.java:108)
	at org.testng.TestRunner.privateRun(TestRunner.java:771)
	at org.testng.TestRunner.run(TestRunner.java:621)
	at org.testng.SuiteRunner.runTest(SuiteRunner.java:357)
	at org.testng.SuiteRunner.runSequentially(SuiteRunner.java:352)
	at org.testng.SuiteRunner.privateRun(SuiteRunner.java:310)
	at org.testng.SuiteRunner.run(SuiteRunner.java:259)
	at org.testng.SuiteRunnerWorker.runSuite(SuiteRunnerWorker.java:52)
	at org.testng.SuiteRunnerWorker.run(SuiteRunnerWorker.java:86)
	at org.testng.TestNG.runSuitesSequentially(TestNG.java:1199)
	at org.testng.TestNG.runSuitesLocally(TestNG.java:1124)
	at org.testng.TestNG.run(TestNG.java:1032)
	at org.testng.remote.AbstractRemoteTestNG.run(AbstractRemoteTestNG.java:132)
	at org.testng.remote.RemoteTestNG.initAndRun(RemoteTestNG.java:230)
	at org.testng.remote.RemoteTestNG.main(RemoteTestNG.java:76)
]]>
    </failure>
  </testcase> <!-- storeBroadcastSelection -->
  <testcase name="L1_storelist_dropdown" time="4.974" classname="com.fishbowl.gama.LiveTestCall">
    <failure type="java.lang.AssertionError" message="expected [true] but found [false]">
      <![CDATA[java.lang.AssertionError: expected [true] but found [false]
	at org.testng.Assert.fail(Assert.java:94)
	at org.testng.Assert.failNotEquals(Assert.java:496)
	at org.testng.Assert.assertEquals(Assert.java:125)
	at org.testng.Assert.assertEquals(Assert.java:288)
	at org.testng.Assert.assertEquals(Assert.java:298)
	at com.fishbowl.gama.LiveTestCall.L1_storelist_dropdown(LiveTestCall.java:44)
	at sun.reflect.NativeMethodAccessorImpl.invoke0(Native Method)
	at sun.reflect.NativeMethodAccessorImpl.invoke(Unknown Source)
	at sun.reflect.DelegatingMethodAccessorImpl.invoke(Unknown Source)
	at java.lang.reflect.Method.invoke(Unknown Source)
	at org.testng.internal.MethodInvocationHelper.invokeMethod(MethodInvocationHelper.java:85)
	at org.testng.internal.Invoker.invokeMethod(Invoker.java:659)
	at org.testng.internal.Invoker.invokeTestMethod(Invoker.java:845)
	at org.testng.internal.Invoker.invokeTestMethods(Invoker.java:1153)
	at org.testng.internal.TestMethodWorker.invokeTestMethods(TestMethodWorker.java:125)
	at org.testng.internal.TestMethodWorker.run(TestMethodWorker.java:108)
	at org.testng.TestRunner.privateRun(TestRunner.java:771)
	at org.testng.TestRunner.run(TestRunner.java:621)
	at org.testng.SuiteRunner.runTest(SuiteRunner.java:357)
	at org.testng.SuiteRunner.runSequentially(SuiteRunner.java:352)
	at org.testng.SuiteRunner.privateRun(SuiteRunner.java:310)
	at org.testng.SuiteRunner.run(SuiteRunner.java:259)
	at org.testng.SuiteRunnerWorker.runSuite(SuiteRunnerWorker.java:52)
	at org.testng.SuiteRunnerWorker.run(SuiteRunnerWorker.java:86)
	at org.testng.TestNG.runSuitesSequentially(TestNG.java:1199)
	at org.testng.TestNG.runSuitesLocally(TestNG.java:1124)
	at org.testng.TestNG.run(TestNG.java:1032)
	at org.testng.remote.AbstractRemoteTestNG.run(AbstractRemoteTestNG.java:132)
	at org.testng.remote.RemoteTestNG.initAndRun(RemoteTestNG.java:230)
	at org.testng.remote.RemoteTestNG.main(RemoteTestNG.java:76)
]]>
    </failure>
  </testcase> <!-- L1_storelist_dropdown -->
  <testcase name="acqdefineCmapaign" time="4.720" classname="com.fishbowl.gama.LiveTestCall"/>
  <testcase name="netSalesPeriodDropdown" time="18.402" classname="com.fishbowl.gama.LiveTestCall"/>
  <testcase name="smaDetailsFilerCheck" time="37.652" classname="com.fishbowl.gama.LiveTestCall"/>
  <testcase name="discountOverTime" time="24.989" classname="com.fishbowl.gama.LiveTestCall"/>
  <testcase name="checkAveragePeriodDropdown" time="19.075" classname="com.fishbowl.gama.LiveTestCall"/>
  <testcase name="guestCountDayOfWeek" time="25.453" classname="com.fishbowl.gama.LiveTestCall"/>
  <testcase name="gcOTFilerCheck" time="23.198" classname="com.fishbowl.gama.LiveTestCall"/>
  <testcase name="PromotionFilerCheck" time="59.674" classname="com.fishbowl.gama.LiveTestCall"/>
  <testcase name="checkCountFilterDataCheck" time="10.219" classname="com.fishbowl.gama.LiveTestCall"/>
  <testcase name="guestMixFilterDataCheck" time="8.748" classname="com.fishbowl.gama.LiveTestCall"/>
  <testcase name="checkCountBack" time="4.711" classname="com.fishbowl.gama.LiveTestCall"/>
  <testcase name="grossSalesFilterDataCheck" time="10.413" classname="com.fishbowl.gama.LiveTestCall"/>
  <testcase name="checkAverageFilterDataCheck" time="9.747" classname="com.fishbowl.gama.LiveTestCall"/>
  <testcase name="L2_checkAverageNavigator" time="21.125" classname="com.fishbowl.gama.LiveTestCall"/>
  <testcase name="dshboardViewMA" time="3.511" classname="com.fishbowl.gama.LiveTestCall"/>
  <testcase name="itemSalesFilerCheck" time="25.350" classname="com.fishbowl.gama.LiveTestCall"/>
  <testcase name="caTSBack" time="18.069" classname="com.fishbowl.gama.LiveTestCall"/>
  <testcase name="discountFilterDataCheck" time="9.154" classname="com.fishbowl.gama.LiveTestCall"/>
  <testcase name="dOTFilerCheck" time="18.926" classname="com.fishbowl.gama.LiveTestCall"/>
  <testcase name="L3_Campaign" time="6.274" classname="com.fishbowl.gama.LiveTestCall"/>
  <testcase name="guestMixPeriodDropdown" time="23.051" classname="com.fishbowl.gama.LiveTestCall"/>
  <testcase name="ccOMFilerCheck" time="18.722" classname="com.fishbowl.gama.LiveTestCall"/>
  <testcase name="L3_PersonaNavigator" time="15.105" classname="com.fishbowl.gama.LiveTestCall"/>
  <testcase name="grossSalesDayPart" time="24.870" classname="com.fishbowl.gama.LiveTestCall"/>
  <testcase name="netSalesQuarterDropdown" time="9.832" classname="com.fishbowl.gama.LiveTestCall"/>
  <testcase name="discountPeriodDropdown" time="17.455" classname="com.fishbowl.gama.LiveTestCall"/>
  <testcase name="gcDWBack" time="2.898" classname="com.fishbowl.gama.LiveTestCall"/>
  <testcase name="topStoresFilerCheck" time="20.530" classname="com.fishbowl.gama.LiveTestCall"/>
  <testcase name="grossSalesQuarterDropdown" time="16.645" classname="com.fishbowl.gama.LiveTestCall"/>
  <testcase name="acquisitionStart" time="8.769" classname="com.fishbowl.gama.LiveTestCall"/>
  <testcase name="LoyaltyFilerCheck" time="58.815" classname="com.fishbowl.gama.LiveTestCall"/>
  <testcase name="dDDFilerCheck" time="18.060" classname="com.fishbowl.gama.LiveTestCall"/>
  <testcase name="acqsubscriptionCriteria" time="0.444" classname="com.fishbowl.gama.LiveTestCall"/>
  <testcase name="L1_storename_dropdown" time="8.476" classname="com.fishbowl.gama.LiveTestCall"/>
  <testcase name="checkAverageMenuMix" time="25.073" classname="com.fishbowl.gama.LiveTestCall">
    <failure type="java.lang.AssertionError" message="expected [true] but found [false]">
      <![CDATA[java.lang.AssertionError: expected [true] but found [false]
	at org.testng.Assert.fail(Assert.java:94)
	at org.testng.Assert.failNotEquals(Assert.java:496)
	at org.testng.Assert.assertEquals(Assert.java:125)
	at org.testng.Assert.assertEquals(Assert.java:288)
	at org.testng.Assert.assertEquals(Assert.java:298)
	at com.fishbowl.gama.LiveTestCall.checkAverageMenuMix(LiveTestCall.java:241)
	at sun.reflect.NativeMethodAccessorImpl.invoke0(Native Method)
	at sun.reflect.NativeMethodAccessorImpl.invoke(Unknown Source)
	at sun.reflect.DelegatingMethodAccessorImpl.invoke(Unknown Source)
	at java.lang.reflect.Method.invoke(Unknown Source)
	at org.testng.internal.MethodInvocationHelper.invokeMethod(MethodInvocationHelper.java:85)
	at org.testng.internal.Invoker.invokeMethod(Invoker.java:659)
	at org.testng.internal.Invoker.invokeTestMethod(Invoker.java:845)
	at org.testng.internal.Invoker.invokeTestMethods(Invoker.java:1153)
	at org.testng.internal.TestMethodWorker.invokeTestMethods(TestMethodWorker.java:125)
	at org.testng.internal.TestMethodWorker.run(TestMethodWorker.java:108)
	at org.testng.TestRunner.privateRun(TestRunner.java:771)
	at org.testng.TestRunner.run(TestRunner.java:621)
	at org.testng.SuiteRunner.runTest(SuiteRunner.java:357)
	at org.testng.SuiteRunner.runSequentially(SuiteRunner.java:352)
	at org.testng.SuiteRunner.privateRun(SuiteRunner.java:310)
	at org.testng.SuiteRunner.run(SuiteRunner.java:259)
	at org.testng.SuiteRunnerWorker.runSuite(SuiteRunnerWorker.java:52)
	at org.testng.SuiteRunnerWorker.run(SuiteRunnerWorker.java:86)
	at org.testng.TestNG.runSuitesSequentially(TestNG.java:1199)
	at org.testng.TestNG.runSuitesLocally(TestNG.java:1124)
	at org.testng.TestNG.run(TestNG.java:1032)
	at org.testng.remote.AbstractRemoteTestNG.run(AbstractRemoteTestNG.java:132)
	at org.testng.remote.RemoteTestNG.initAndRun(RemoteTestNG.java:230)
	at org.testng.remote.RemoteTestNG.main(RemoteTestNG.java:76)
]]>
    </failure>
  </testcase> <!-- checkAverageMenuMix -->
  <testcase name="L1_buttonPeriodApply" time="41.994" classname="com.fishbowl.gama.LiveTestCall"/>
  <testcase name="guestMixDayPart" time="25.911" classname="com.fishbowl.gama.LiveTestCall"/>
  <testcase name="netsalesDayPart" time="24.900" classname="com.fishbowl.gama.LiveTestCall"/>
  <testcase name="caOTFilerCheck" time="18.268" classname="com.fishbowl.gama.LiveTestCall"/>
  <testcase name="L3_ItemSales" time="22.446" classname="com.fishbowl.gama.LiveTestCall">
    <failure type="java.lang.AssertionError" message="expected [true] but found [false]">
      <![CDATA[java.lang.AssertionError: expected [true] but found [false]
	at org.testng.Assert.fail(Assert.java:94)
	at org.testng.Assert.failNotEquals(Assert.java:496)
	at org.testng.Assert.assertEquals(Assert.java:125)
	at org.testng.Assert.assertEquals(Assert.java:288)
	at org.testng.Assert.assertEquals(Assert.java:298)
	at com.fishbowl.gama.LiveTestCall.L3_ItemSales(LiveTestCall.java:771)
	at sun.reflect.NativeMethodAccessorImpl.invoke0(Native Method)
	at sun.reflect.NativeMethodAccessorImpl.invoke(Unknown Source)
	at sun.reflect.DelegatingMethodAccessorImpl.invoke(Unknown Source)
	at java.lang.reflect.Method.invoke(Unknown Source)
	at org.testng.internal.MethodInvocationHelper.invokeMethod(MethodInvocationHelper.java:85)
	at org.testng.internal.Invoker.invokeMethod(Invoker.java:659)
	at org.testng.internal.Invoker.invokeTestMethod(Invoker.java:845)
	at org.testng.internal.Invoker.invokeTestMethods(Invoker.java:1153)
	at org.testng.internal.TestMethodWorker.invokeTestMethods(TestMethodWorker.java:125)
	at org.testng.internal.TestMethodWorker.run(TestMethodWorker.java:108)
	at org.testng.TestRunner.privateRun(TestRunner.java:771)
	at org.testng.TestRunner.run(TestRunner.java:621)
	at org.testng.SuiteRunner.runTest(SuiteRunner.java:357)
	at org.testng.SuiteRunner.runSequentially(SuiteRunner.java:352)
	at org.testng.SuiteRunner.privateRun(SuiteRunner.java:310)
	at org.testng.SuiteRunner.run(SuiteRunner.java:259)
	at org.testng.SuiteRunnerWorker.runSuite(SuiteRunnerWorker.java:52)
	at org.testng.SuiteRunnerWorker.run(SuiteRunnerWorker.java:86)
	at org.testng.TestNG.runSuitesSequentially(TestNG.java:1199)
	at org.testng.TestNG.runSuitesLocally(TestNG.java:1124)
	at org.testng.TestNG.run(TestNG.java:1032)
	at org.testng.remote.AbstractRemoteTestNG.run(AbstractRemoteTestNG.java:132)
	at org.testng.remote.RemoteTestNG.initAndRun(RemoteTestNG.java:230)
	at org.testng.remote.RemoteTestNG.main(RemoteTestNG.java:76)
]]>
    </failure>
  </testcase> <!-- L3_ItemSales -->
  <testcase name="clusterVolumeFilerCheck" time="13.342" classname="com.fishbowl.gama.LiveTestCall">
    <failure type="java.lang.AssertionError" message="expected [true] but found [false]">
      <![CDATA[java.lang.AssertionError: expected [true] but found [false]
	at org.testng.Assert.fail(Assert.java:94)
	at org.testng.Assert.failNotEquals(Assert.java:496)
	at org.testng.Assert.assertEquals(Assert.java:125)
	at org.testng.Assert.assertEquals(Assert.java:288)
	at org.testng.Assert.assertEquals(Assert.java:298)
	at com.fishbowl.gama.LiveTestCall.clusterVolumeFilerCheck(LiveTestCall.java:947)
	at sun.reflect.NativeMethodAccessorImpl.invoke0(Native Method)
	at sun.reflect.NativeMethodAccessorImpl.invoke(Unknown Source)
	at sun.reflect.DelegatingMethodAccessorImpl.invoke(Unknown Source)
	at java.lang.reflect.Method.invoke(Unknown Source)
	at org.testng.internal.MethodInvocationHelper.invokeMethod(MethodInvocationHelper.java:85)
	at org.testng.internal.Invoker.invokeMethod(Invoker.java:659)
	at org.testng.internal.Invoker.invokeTestMethod(Invoker.java:845)
	at org.testng.internal.Invoker.invokeTestMethods(Invoker.java:1153)
	at org.testng.internal.TestMethodWorker.invokeTestMethods(TestMethodWorker.java:125)
	at org.testng.internal.TestMethodWorker.run(TestMethodWorker.java:108)
	at org.testng.TestRunner.privateRun(TestRunner.java:771)
	at org.testng.TestRunner.run(TestRunner.java:621)
	at org.testng.SuiteRunner.runTest(SuiteRunner.java:357)
	at org.testng.SuiteRunner.runSequentially(SuiteRunner.java:352)
	at org.testng.SuiteRunner.privateRun(SuiteRunner.java:310)
	at org.testng.SuiteRunner.run(SuiteRunner.java:259)
	at org.testng.SuiteRunnerWorker.runSuite(SuiteRunnerWorker.java:52)
	at org.testng.SuiteRunnerWorker.run(SuiteRunnerWorker.java:86)
	at org.testng.TestNG.runSuitesSequentially(TestNG.java:1199)
	at org.testng.TestNG.runSuitesLocally(TestNG.java:1124)
	at org.testng.TestNG.run(TestNG.java:1032)
	at org.testng.remote.AbstractRemoteTestNG.run(AbstractRemoteTestNG.java:132)
	at org.testng.remote.RemoteTestNG.initAndRun(RemoteTestNG.java:230)
	at org.testng.remote.RemoteTestNG.main(RemoteTestNG.java:76)
]]>
    </failure>
  </testcase> <!-- clusterVolumeFilerCheck -->
  <testcase name="L3_clusterFrequencyNavigator" time="125.305" classname="com.fishbowl.gama.LiveTestCall">
    <failure type="java.lang.AssertionError" message="expected [true] but found [false]">
      <![CDATA[java.lang.AssertionError: expected [true] but found [false]
	at org.testng.Assert.fail(Assert.java:94)
	at org.testng.Assert.failNotEquals(Assert.java:496)
	at org.testng.Assert.assertEquals(Assert.java:125)
	at org.testng.Assert.assertEquals(Assert.java:288)
	at org.testng.Assert.assertEquals(Assert.java:298)
	at com.fishbowl.gama.LiveTestCall.L3_clusterFrequencyNavigator(LiveTestCall.java:925)
	at sun.reflect.NativeMethodAccessorImpl.invoke0(Native Method)
	at sun.reflect.NativeMethodAccessorImpl.invoke(Unknown Source)
	at sun.reflect.DelegatingMethodAccessorImpl.invoke(Unknown Source)
	at java.lang.reflect.Method.invoke(Unknown Source)
	at org.testng.internal.MethodInvocationHelper.invokeMethod(MethodInvocationHelper.java:85)
	at org.testng.internal.Invoker.invokeMethod(Invoker.java:659)
	at org.testng.internal.Invoker.invokeTestMethod(Invoker.java:845)
	at org.testng.internal.Invoker.invokeTestMethods(Invoker.java:1153)
	at org.testng.internal.TestMethodWorker.invokeTestMethods(TestMethodWorker.java:125)
	at org.testng.internal.TestMethodWorker.run(TestMethodWorker.java:108)
	at org.testng.TestRunner.privateRun(TestRunner.java:771)
	at org.testng.TestRunner.run(TestRunner.java:621)
	at org.testng.SuiteRunner.runTest(SuiteRunner.java:357)
	at org.testng.SuiteRunner.runSequentially(SuiteRunner.java:352)
	at org.testng.SuiteRunner.privateRun(SuiteRunner.java:310)
	at org.testng.SuiteRunner.run(SuiteRunner.java:259)
	at org.testng.SuiteRunnerWorker.runSuite(SuiteRunnerWorker.java:52)
	at org.testng.SuiteRunnerWorker.run(SuiteRunnerWorker.java:86)
	at org.testng.TestNG.runSuitesSequentially(TestNG.java:1199)
	at org.testng.TestNG.runSuitesLocally(TestNG.java:1124)
	at org.testng.TestNG.run(TestNG.java:1032)
	at org.testng.remote.AbstractRemoteTestNG.run(AbstractRemoteTestNG.java:132)
	at org.testng.remote.RemoteTestNG.initAndRun(RemoteTestNG.java:230)
	at org.testng.remote.RemoteTestNG.main(RemoteTestNG.java:76)
]]>
    </failure>
  </testcase> <!-- L3_clusterFrequencyNavigator -->
  <testcase name="audienceBroadcastSelection" time="120.345" classname="com.fishbowl.gama.LiveTestCall">
    <failure type="java.lang.AssertionError" message="expected [true] but found [false]">
      <![CDATA[java.lang.AssertionError: expected [true] but found [false]
	at org.testng.Assert.fail(Assert.java:94)
	at org.testng.Assert.failNotEquals(Assert.java:496)
	at org.testng.Assert.assertEquals(Assert.java:125)
	at org.testng.Assert.assertEquals(Assert.java:288)
	at org.testng.Assert.assertEquals(Assert.java:298)
	at com.fishbowl.gama.LiveTestCall.audienceBroadcastSelection(LiveTestCall.java:1062)
	at sun.reflect.NativeMethodAccessorImpl.invoke0(Native Method)
	at sun.reflect.NativeMethodAccessorImpl.invoke(Unknown Source)
	at sun.reflect.DelegatingMethodAccessorImpl.invoke(Unknown Source)
	at java.lang.reflect.Method.invoke(Unknown Source)
	at org.testng.internal.MethodInvocationHelper.invokeMethod(MethodInvocationHelper.java:85)
	at org.testng.internal.Invoker.invokeMethod(Invoker.java:659)
	at org.testng.internal.Invoker.invokeTestMethod(Invoker.java:845)
	at org.testng.internal.Invoker.invokeTestMethods(Invoker.java:1153)
	at org.testng.internal.TestMethodWorker.invokeTestMethods(TestMethodWorker.java:125)
	at org.testng.internal.TestMethodWorker.run(TestMethodWorker.java:108)
	at org.testng.TestRunner.privateRun(TestRunner.java:771)
	at org.testng.TestRunner.run(TestRunner.java:621)
	at org.testng.SuiteRunner.runTest(SuiteRunner.java:357)
	at org.testng.SuiteRunner.runSequentially(SuiteRunner.java:352)
	at org.testng.SuiteRunner.privateRun(SuiteRunner.java:310)
	at org.testng.SuiteRunner.run(SuiteRunner.java:259)
	at org.testng.SuiteRunnerWorker.runSuite(SuiteRunnerWorker.java:52)
	at org.testng.SuiteRunnerWorker.run(SuiteRunnerWorker.java:86)
	at org.testng.TestNG.runSuitesSequentially(TestNG.java:1199)
	at org.testng.TestNG.runSuitesLocally(TestNG.java:1124)
	at org.testng.TestNG.run(TestNG.java:1032)
	at org.testng.remote.AbstractRemoteTestNG.run(AbstractRemoteTestNG.java:132)
	at org.testng.remote.RemoteTestNG.initAndRun(RemoteTestNG.java:230)
	at org.testng.remote.RemoteTestNG.main(RemoteTestNG.java:76)
]]>
    </failure>
  </testcase> <!-- audienceBroadcastSelection -->
  <testcase name="gmOTFilerCheck" time="21.259" classname="com.fishbowl.gama.LiveTestCall"/>
  <testcase name="grsSOTBack" time="2.880" classname="com.fishbowl.gama.LiveTestCall"/>
  <testcase name="PromotionBack" time="3.424" classname="com.fishbowl.gama.LiveTestCall"/>
  <testcase name="grsSOTFilerCheck" time="19.905" classname="com.fishbowl.gama.LiveTestCall"/>
  <testcase name="gcOMFilerCheck" time="18.420" classname="com.fishbowl.gama.LiveTestCall"/>
  <testcase name="guestCountDayPart" time="25.485" classname="com.fishbowl.gama.LiveTestCall"/>
  <testcase name="clusterRecencyBack" time="2.882" classname="com.fishbowl.gama.LiveTestCall"/>
  <testcase name="dDDPBack" time="10.129" classname="com.fishbowl.gama.LiveTestCall"/>
  <testcase name="grsSDWFilerCheck" time="18.276" classname="com.fishbowl.gama.LiveTestCall"/>
  <testcase name="netsalesDayOfWeek" time="25.033" classname="com.fishbowl.gama.LiveTestCall"/>
  <testcase name="ccDWFilerCheck" time="17.378" classname="com.fishbowl.gama.LiveTestCall"/>
  <testcase name="nsOTBack" time="2.652" classname="com.fishbowl.gama.LiveTestCall"/>
  <testcase name="guestMixDayOfWeek" time="25.303" classname="com.fishbowl.gama.LiveTestCall"/>
  <testcase name="guestCountQuarterDropdown" time="19.540" classname="com.fishbowl.gama.LiveTestCall"/>
  <testcase name="acqcampaignNaivation" time="0.749" classname="com.fishbowl.gama.LiveTestCall"/>
  <testcase name="gmOTBack" time="21.108" classname="com.fishbowl.gama.LiveTestCall"/>
  <testcase name="caMMFilerCheck" time="16.979" classname="com.fishbowl.gama.LiveTestCall"/>
  <testcase name="L2_guestCountNavigator" time="24.782" classname="com.fishbowl.gama.LiveTestCall"/>
  <testcase name="netsalesOrderMode" time="24.815" classname="com.fishbowl.gama.LiveTestCall"/>
  <testcase name="snedBroadcastNow" time="120.059" classname="com.fishbowl.gama.LiveTestCall">
    <failure type="java.lang.AssertionError" message="expected [true] but found [false]">
      <![CDATA[java.lang.AssertionError: expected [true] but found [false]
	at org.testng.Assert.fail(Assert.java:94)
	at org.testng.Assert.failNotEquals(Assert.java:496)
	at org.testng.Assert.assertEquals(Assert.java:125)
	at org.testng.Assert.assertEquals(Assert.java:288)
	at org.testng.Assert.assertEquals(Assert.java:298)
	at com.fishbowl.gama.LiveTestCall.snedBroadcastNow(LiveTestCall.java:1074)
	at sun.reflect.NativeMethodAccessorImpl.invoke0(Native Method)
	at sun.reflect.NativeMethodAccessorImpl.invoke(Unknown Source)
	at sun.reflect.DelegatingMethodAccessorImpl.invoke(Unknown Source)
	at java.lang.reflect.Method.invoke(Unknown Source)
	at org.testng.internal.MethodInvocationHelper.invokeMethod(MethodInvocationHelper.java:85)
	at org.testng.internal.Invoker.invokeMethod(Invoker.java:659)
	at org.testng.internal.Invoker.invokeTestMethod(Invoker.java:845)
	at org.testng.internal.Invoker.invokeTestMethods(Invoker.java:1153)
	at org.testng.internal.TestMethodWorker.invokeTestMethods(TestMethodWorker.java:125)
	at org.testng.internal.TestMethodWorker.run(TestMethodWorker.java:108)
	at org.testng.TestRunner.privateRun(TestRunner.java:771)
	at org.testng.TestRunner.run(TestRunner.java:621)
	at org.testng.SuiteRunner.runTest(SuiteRunner.java:357)
	at org.testng.SuiteRunner.runSequentially(SuiteRunner.java:352)
	at org.testng.SuiteRunner.privateRun(SuiteRunner.java:310)
	at org.testng.SuiteRunner.run(SuiteRunner.java:259)
	at org.testng.SuiteRunnerWorker.runSuite(SuiteRunnerWorker.java:52)
	at org.testng.SuiteRunnerWorker.run(SuiteRunnerWorker.java:86)
	at org.testng.TestNG.runSuitesSequentially(TestNG.java:1199)
	at org.testng.TestNG.runSuitesLocally(TestNG.java:1124)
	at org.testng.TestNG.run(TestNG.java:1032)
	at org.testng.remote.AbstractRemoteTestNG.run(AbstractRemoteTestNG.java:132)
	at org.testng.remote.RemoteTestNG.initAndRun(RemoteTestNG.java:230)
	at org.testng.remote.RemoteTestNG.main(RemoteTestNG.java:76)
]]>
    </failure>
  </testcase> <!-- snedBroadcastNow -->
  <testcase name="clusterVolumeBack" time="2.955" classname="com.fishbowl.gama.LiveTestCall"/>
  <testcase name="MaCampaignPageNavigation" time="5.629" classname="com.fishbowl.gama.LiveTestCall"/>
  <testcase name="checkAverageBack" time="2.463" classname="com.fishbowl.gama.LiveTestCall"/>
  <testcase name="L2_grossSalesNavigator" time="22.985" classname="com.fishbowl.gama.LiveTestCall"/>
  <testcase name="guestCountOverTime" time="26.051" classname="com.fishbowl.gama.LiveTestCall"/>
  <testcase name="dDWBack" time="10.131" classname="com.fishbowl.gama.LiveTestCall"/>
  <testcase name="gcOTBack" time="3.559" classname="com.fishbowl.gama.LiveTestCall"/>
  <testcase name="clusterSpendBack" time="126.603" classname="com.fishbowl.gama.LiveTestCall">
    <failure type="java.lang.AssertionError" message="expected [true] but found [false]">
      <![CDATA[java.lang.AssertionError: expected [true] but found [false]
	at org.testng.Assert.fail(Assert.java:94)
	at org.testng.Assert.failNotEquals(Assert.java:496)
	at org.testng.Assert.assertEquals(Assert.java:125)
	at org.testng.Assert.assertEquals(Assert.java:288)
	at org.testng.Assert.assertEquals(Assert.java:298)
	at com.fishbowl.gama.LiveTestCall.clusterSpendBack(LiveTestCall.java:919)
	at sun.reflect.NativeMethodAccessorImpl.invoke0(Native Method)
	at sun.reflect.NativeMethodAccessorImpl.invoke(Unknown Source)
	at sun.reflect.DelegatingMethodAccessorImpl.invoke(Unknown Source)
	at java.lang.reflect.Method.invoke(Unknown Source)
	at org.testng.internal.MethodInvocationHelper.invokeMethod(MethodInvocationHelper.java:85)
	at org.testng.internal.Invoker.invokeMethod(Invoker.java:659)
	at org.testng.internal.Invoker.invokeTestMethod(Invoker.java:845)
	at org.testng.internal.Invoker.invokeTestMethods(Invoker.java:1153)
	at org.testng.internal.TestMethodWorker.invokeTestMethods(TestMethodWorker.java:125)
	at org.testng.internal.TestMethodWorker.run(TestMethodWorker.java:108)
	at org.testng.TestRunner.privateRun(TestRunner.java:771)
	at org.testng.TestRunner.run(TestRunner.java:621)
	at org.testng.SuiteRunner.runTest(SuiteRunner.java:357)
	at org.testng.SuiteRunner.runSequentially(SuiteRunner.java:352)
	at org.testng.SuiteRunner.privateRun(SuiteRunner.java:310)
	at org.testng.SuiteRunner.run(SuiteRunner.java:259)
	at org.testng.SuiteRunnerWorker.runSuite(SuiteRunnerWorker.java:52)
	at org.testng.SuiteRunnerWorker.run(SuiteRunnerWorker.java:86)
	at org.testng.TestNG.runSuitesSequentially(TestNG.java:1199)
	at org.testng.TestNG.runSuitesLocally(TestNG.java:1124)
	at org.testng.TestNG.run(TestNG.java:1032)
	at org.testng.remote.AbstractRemoteTestNG.run(AbstractRemoteTestNG.java:132)
	at org.testng.remote.RemoteTestNG.initAndRun(RemoteTestNG.java:230)
	at org.testng.remote.RemoteTestNG.main(RemoteTestNG.java:76)
]]>
    </failure>
  </testcase> <!-- clusterSpendBack -->
  <testcase name="nsOMBack" time="2.740" classname="com.fishbowl.gama.LiveTestCall"/>
  <testcase name="dOMBack" time="15.593" classname="com.fishbowl.gama.LiveTestCall"/>
  <testcase name="gmDPFilerCheck" time="22.325" classname="com.fishbowl.gama.LiveTestCall"/>
  <testcase name="discountOrderMode" time="24.860" classname="com.fishbowl.gama.LiveTestCall"/>
  <testcase name="L2_discountNavigator" time="28.035" classname="com.fishbowl.gama.LiveTestCall"/>
  <testcase name="discountDayOfWeek" time="25.175" classname="com.fishbowl.gama.LiveTestCall"/>
  <testcase name="gcDWFilerCheck" time="18.010" classname="com.fishbowl.gama.LiveTestCall"/>
  <testcase name="checkAverageTopStores" time="24.924" classname="com.fishbowl.gama.LiveTestCall"/>
  <testcase name="L1_SMA" time="31.540" classname="com.fishbowl.gama.LiveTestCall"/>
  <testcase name="clusterRecencyFilerCheck" time="54.804" classname="com.fishbowl.gama.LiveTestCall"/>
  <testcase name="netSalesFilterDataCheck" time="9.353" classname="com.fishbowl.gama.LiveTestCall"/>
  <testcase name="grossSalesBack" time="2.425" classname="com.fishbowl.gama.LiveTestCall"/>
  <testcase name="gmDPBack" time="24.632" classname="com.fishbowl.gama.LiveTestCall"/>
  <testcase name="dOTBack" time="9.806" classname="com.fishbowl.gama.LiveTestCall"/>
  <testcase name="gmDWFilerCheck" time="20.643" classname="com.fishbowl.gama.LiveTestCall"/>
  <testcase name="checkCountOrderMode" time="28.857" classname="com.fishbowl.gama.LiveTestCall">
    <failure type="java.lang.AssertionError" message="expected [true] but found [false]">
      <![CDATA[java.lang.AssertionError: expected [true] but found [false]
	at org.testng.Assert.fail(Assert.java:94)
	at org.testng.Assert.failNotEquals(Assert.java:496)
	at org.testng.Assert.assertEquals(Assert.java:125)
	at org.testng.Assert.assertEquals(Assert.java:288)
	at org.testng.Assert.assertEquals(Assert.java:298)
	at com.fishbowl.gama.LiveTestCall.checkCountOrderMode(LiveTestCall.java:426)
	at sun.reflect.NativeMethodAccessorImpl.invoke0(Native Method)
	at sun.reflect.NativeMethodAccessorImpl.invoke(Unknown Source)
	at sun.reflect.DelegatingMethodAccessorImpl.invoke(Unknown Source)
	at java.lang.reflect.Method.invoke(Unknown Source)
	at org.testng.internal.MethodInvocationHelper.invokeMethod(MethodInvocationHelper.java:85)
	at org.testng.internal.Invoker.invokeMethod(Invoker.java:659)
	at org.testng.internal.Invoker.invokeTestMethod(Invoker.java:845)
	at org.testng.internal.Invoker.invokeTestMethods(Invoker.java:1153)
	at org.testng.internal.TestMethodWorker.invokeTestMethods(TestMethodWorker.java:125)
	at org.testng.internal.TestMethodWorker.run(TestMethodWorker.java:108)
	at org.testng.TestRunner.privateRun(TestRunner.java:771)
	at org.testng.TestRunner.run(TestRunner.java:621)
	at org.testng.SuiteRunner.runTest(SuiteRunner.java:357)
	at org.testng.SuiteRunner.runSequentially(SuiteRunner.java:352)
	at org.testng.SuiteRunner.privateRun(SuiteRunner.java:310)
	at org.testng.SuiteRunner.run(SuiteRunner.java:259)
	at org.testng.SuiteRunnerWorker.runSuite(SuiteRunnerWorker.java:52)
	at org.testng.SuiteRunnerWorker.run(SuiteRunnerWorker.java:86)
	at org.testng.TestNG.runSuitesSequentially(TestNG.java:1199)
	at org.testng.TestNG.runSuitesLocally(TestNG.java:1124)
	at org.testng.TestNG.run(TestNG.java:1032)
	at org.testng.remote.AbstractRemoteTestNG.run(AbstractRemoteTestNG.java:132)
	at org.testng.remote.RemoteTestNG.initAndRun(RemoteTestNG.java:230)
	at org.testng.remote.RemoteTestNG.main(RemoteTestNG.java:76)
]]>
    </failure>
  </testcase> <!-- checkCountOrderMode -->
  <testcase name="checkAverageQuarterDropdown" time="18.857" classname="com.fishbowl.gama.LiveTestCall"/>
  <testcase name="PersonaBack" time="4.481" classname="com.fishbowl.gama.LiveTestCall">
    <failure type="java.lang.AssertionError" message="expected [true] but found [false]">
      <![CDATA[java.lang.AssertionError: expected [true] but found [false]
	at org.testng.Assert.fail(Assert.java:94)
	at org.testng.Assert.failNotEquals(Assert.java:496)
	at org.testng.Assert.assertEquals(Assert.java:125)
	at org.testng.Assert.assertEquals(Assert.java:288)
	at org.testng.Assert.assertEquals(Assert.java:298)
	at com.fishbowl.gama.LiveTestCall.PersonaBack(LiveTestCall.java:987)
	at sun.reflect.NativeMethodAccessorImpl.invoke0(Native Method)
	at sun.reflect.NativeMethodAccessorImpl.invoke(Unknown Source)
	at sun.reflect.DelegatingMethodAccessorImpl.invoke(Unknown Source)
	at java.lang.reflect.Method.invoke(Unknown Source)
	at org.testng.internal.MethodInvocationHelper.invokeMethod(MethodInvocationHelper.java:85)
	at org.testng.internal.Invoker.invokeMethod(Invoker.java:659)
	at org.testng.internal.Invoker.invokeTestMethod(Invoker.java:845)
	at org.testng.internal.Invoker.invokeTestMethods(Invoker.java:1153)
	at org.testng.internal.TestMethodWorker.invokeTestMethods(TestMethodWorker.java:125)
	at org.testng.internal.TestMethodWorker.run(TestMethodWorker.java:108)
	at org.testng.TestRunner.privateRun(TestRunner.java:771)
	at org.testng.TestRunner.run(TestRunner.java:621)
	at org.testng.SuiteRunner.runTest(SuiteRunner.java:357)
	at org.testng.SuiteRunner.runSequentially(SuiteRunner.java:352)
	at org.testng.SuiteRunner.privateRun(SuiteRunner.java:310)
	at org.testng.SuiteRunner.run(SuiteRunner.java:259)
	at org.testng.SuiteRunnerWorker.runSuite(SuiteRunnerWorker.java:52)
	at org.testng.SuiteRunnerWorker.run(SuiteRunnerWorker.java:86)
	at org.testng.TestNG.runSuitesSequentially(TestNG.java:1199)
	at org.testng.TestNG.runSuitesLocally(TestNG.java:1124)
	at org.testng.TestNG.run(TestNG.java:1032)
	at org.testng.remote.AbstractRemoteTestNG.run(AbstractRemoteTestNG.java:132)
	at org.testng.remote.RemoteTestNG.initAndRun(RemoteTestNG.java:230)
	at org.testng.remote.RemoteTestNG.main(RemoteTestNG.java:76)
]]>
    </failure>
  </testcase> <!-- PersonaBack -->
  <testcase name="L1_buttonQuaterApply" time="44.394" classname="com.fishbowl.gama.LiveTestCall"/>
  <testcase name="L3_clusterRecencyNavigator" time="15.062" classname="com.fishbowl.gama.LiveTestCall"/>
  <testcase name="dDWFilerCheck" time="18.203" classname="com.fishbowl.gama.LiveTestCall"/>
  <testcase name="clusterSpendFilerCheck" time="26.863" classname="com.fishbowl.gama.LiveTestCall"/>
  <testcase name="acqscheduling" time="5.104" classname="com.fishbowl.gama.LiveTestCall"/>
  <testcase name="publishBroadcastMessage" time="120.051" classname="com.fishbowl.gama.LiveTestCall">
    <failure type="java.lang.AssertionError" message="expected [true] but found [false]">
      <![CDATA[java.lang.AssertionError: expected [true] but found [false]
	at org.testng.Assert.fail(Assert.java:94)
	at org.testng.Assert.failNotEquals(Assert.java:496)
	at org.testng.Assert.assertEquals(Assert.java:125)
	at org.testng.Assert.assertEquals(Assert.java:288)
	at org.testng.Assert.assertEquals(Assert.java:298)
	at com.fishbowl.gama.LiveTestCall.publishBroadcastMessage(LiveTestCall.java:1080)
	at sun.reflect.NativeMethodAccessorImpl.invoke0(Native Method)
	at sun.reflect.NativeMethodAccessorImpl.invoke(Unknown Source)
	at sun.reflect.DelegatingMethodAccessorImpl.invoke(Unknown Source)
	at java.lang.reflect.Method.invoke(Unknown Source)
	at org.testng.internal.MethodInvocationHelper.invokeMethod(MethodInvocationHelper.java:85)
	at org.testng.internal.Invoker.invokeMethod(Invoker.java:659)
	at org.testng.internal.Invoker.invokeTestMethod(Invoker.java:845)
	at org.testng.internal.Invoker.invokeTestMethods(Invoker.java:1153)
	at org.testng.internal.TestMethodWorker.invokeTestMethods(TestMethodWorker.java:125)
	at org.testng.internal.TestMethodWorker.run(TestMethodWorker.java:108)
	at org.testng.TestRunner.privateRun(TestRunner.java:771)
	at org.testng.TestRunner.run(TestRunner.java:621)
	at org.testng.SuiteRunner.runTest(SuiteRunner.java:357)
	at org.testng.SuiteRunner.runSequentially(SuiteRunner.java:352)
	at org.testng.SuiteRunner.privateRun(SuiteRunner.java:310)
	at org.testng.SuiteRunner.run(SuiteRunner.java:259)
	at org.testng.SuiteRunnerWorker.runSuite(SuiteRunnerWorker.java:52)
	at org.testng.SuiteRunnerWorker.run(SuiteRunnerWorker.java:86)
	at org.testng.TestNG.runSuitesSequentially(TestNG.java:1199)
	at org.testng.TestNG.runSuitesLocally(TestNG.java:1124)
	at org.testng.TestNG.run(TestNG.java:1032)
	at org.testng.remote.AbstractRemoteTestNG.run(AbstractRemoteTestNG.java:132)
	at org.testng.remote.RemoteTestNG.initAndRun(RemoteTestNG.java:230)
	at org.testng.remote.RemoteTestNG.main(RemoteTestNG.java:76)
]]>
    </failure>
  </testcase> <!-- publishBroadcastMessage -->
  <testcase name="guestMixOverTime" time="25.572" classname="com.fishbowl.gama.LiveTestCall"/>
  <testcase name="ccDPBack" time="4.980" classname="com.fishbowl.gama.LiveTestCall"/>
  <testcase name="grossSalesDayOfWeek" time="25.042" classname="com.fishbowl.gama.LiveTestCall"/>
  <testcase name="netsalesBack" time="31.319" classname="com.fishbowl.gama.LiveTestCall"/>
  <testcase name="L2_checkCountNavigator" time="32.771" classname="com.fishbowl.gama.LiveTestCall"/>
  <testcase name="dshboardView" time="22.861" classname="com.fishbowl.gama.LiveTestCall"/>
  <testcase name="campaignBack" time="1.559" classname="com.fishbowl.gama.LiveTestCall"/>
  <testcase name="gmDWBack" time="20.050" classname="com.fishbowl.gama.LiveTestCall"/>
  <testcase name="clusterFrequencyBack" time="2.451" classname="com.fishbowl.gama.LiveTestCall"/>
  <testcase name="PersonaFilerCheck" time="54.314" classname="com.fishbowl.gama.LiveTestCall"/>
</testsuite> <!-- com.fishbowl.gama.LiveTestCall -->
