<?xml version="1.0" encoding="UTF-8"?>
<!-- Generated by org.testng.reporters.JUnitReportReporter -->
<testsuite hostname="FB-schaudhary-ic" name="malive.SMSTriggeredCall" tests="8" failures="0" timestamp="26 May 2017 09:42:00 GMT" time="112.211" errors="0">
  <testcase name="storeSlection" time="4.123" classname="malive.SMSTriggeredCall"/>
  <testcase name="audienceSelection" time="5.242" classname="malive.SMSTriggeredCall"/>
  <testcase name="scheduling" time="11.896" classname="malive.SMSTriggeredCall"/>
  <testcase name="createCampaign" time="1.840" classname="malive.SMSTriggeredCall"/>
  <testcase name="publishing" time="0.285" classname="malive.SMSTriggeredCall"/>
  <testcase name="CampaignPageNavigation" time="3.470" classname="malive.SMSTriggeredCall"/>
  <testcase name="definingCampaign" time="6.161" classname="malive.SMSTriggeredCall"/>
  <testcase name="dshboardView" time="79.194" classname="malive.SMSTriggeredCall"/>
</testsuite> <!-- malive.SMSTriggeredCall -->
