<?xml version="1.0" encoding="UTF-8"?>
<!-- Generated by org.testng.reporters.JUnitReportReporter -->
<testsuite hostname="FB-schaudhary-ic" name="pkg1.GA" tests="9" failures="0" timestamp="27 Apr 2017 16:36:39 GMT" time="357.404" errors="0">
  <testcase name="TestNetsales" time="65.750" classname="pkg1.GA"/>
  <testcase name="TestDiscount" time="34.205" classname="pkg1.GA"/>
  <testcase name="TestGuestMix" time="37.383" classname="pkg1.GA"/>
  <testcase name="RestL3" time="23.871" classname="pkg1.GA"/>
  <testcase name="TestCheckAvg" time="44.628" classname="pkg1.GA"/>
  <testcase name="TestCheckcount" time="32.638" classname="pkg1.GA"/>
  <testcase name="TestgrossSales" time="22.178" classname="pkg1.GA"/>
  <testcase name="TestGuestCount" time="24.384" classname="pkg1.GA"/>
  <testcase name="TestCockpit" time="72.367" classname="pkg1.GA"/>
</testsuite> <!-- pkg1.GA -->
