<?xml version="1.0" encoding="UTF-8"?>
<!-- Generated by org.testng.reporters.JUnitReportReporter -->
<testsuite name="com.fishbowl.testcases.TriggerAllMembersRun" tests="1" time="30.712" ignored="0" failures="0" timestamp="05 Jun 2017 09:22:17 GMT" skipped="0" hostname="FB-sshah-ic" errors="0">
  <testcase name="TriggerAllMembers" time="30.712" classname="com.fishbowl.testcases.TriggerAllMembersRun"/>
</testsuite> <!-- com.fishbowl.testcases.TriggerAllMembersRun -->
