<?xml version="1.0" encoding="UTF-8"?>
<!-- Generated by org.testng.reporters.JUnitReportReporter -->
<testsuite name="com.fishbowl.testcases.SMSBroadCastExtSegmRun" tests="1" time="27.764" ignored="0" failures="0" timestamp="05 Jun 2017 10:05:31 GMT" skipped="0" hostname="FB-sshah-ic" errors="0">
  <testcase name="SMSBradCastExtSeg" time="27.764" classname="com.fishbowl.testcases.SMSBroadCastExtSegmRun"/>
</testsuite> <!-- com.fishbowl.testcases.SMSBroadCastExtSegmRun -->
