<?xml version="1.0" encoding="UTF-8"?>
<!-- Generated by org.testng.reporters.JUnitReportReporter -->
<testsuite name="com.fishbowl.testcases.SMSBroadNationalRun" tests="2" time="79.780" ignored="0" failures="0" timestamp="02 Jun 2017 06:26:31 GMT" skipped="0" hostname="FB-asrivastava-ic" errors="0">
  <testcase name="sms_broadcastcamp_flow" time="27.475" classname="com.fishbowl.testcases.SMSBroadNationalRun"/>
  <testcase name="database_test" time="52.305" classname="com.fishbowl.testcases.SMSBroadNationalRun"/>
</testsuite> <!-- com.fishbowl.testcases.SMSBroadNationalRun -->
