<?xml version="1.0" encoding="UTF-8"?>
<!-- Generated by org.testng.reporters.JUnitReportReporter -->
<testsuite name="com.fishbowl.testcases.SMSBroadCastAllRun" tests="1" time="36.336" ignored="0" failures="0" timestamp="06 Jun 2017 04:47:32 GMT" skipped="0" hostname="FB-sshah-ic" errors="0">
  <testcase name="SMSBroadCastAll" time="36.336" classname="com.fishbowl.testcases.SMSBroadCastAllRun"/>
</testsuite> <!-- com.fishbowl.testcases.SMSBroadCastAllRun -->
