<?xml version="1.0" encoding="UTF-8"?>
<!-- Generated by org.testng.reporters.JUnitReportReporter -->
<testsuite name="com.fishbowl.testcases.EndUserPortalTest" tests="7" time="80.425" ignored="0" failures="0" timestamp="08 Jun 2017 07:03:26 GMT" skipped="0" hostname="FB-schaudhary-ic" errors="0">
  <testcase name="eup_regForm" time="47.942" classname="com.fishbowl.testcases.EndUserPortalTest"/>
  <testcase name="loginNewAccount" time="4.091" classname="com.fishbowl.testcases.EndUserPortalTest"/>
  <testcase name="changepassword" time="8.368" classname="com.fishbowl.testcases.EndUserPortalTest"/>
  <testcase name="updateMemberProfile" time="13.463" classname="com.fishbowl.testcases.EndUserPortalTest"/>
  <testcase name="loginWithChangePassword" time="4.005" classname="com.fishbowl.testcases.EndUserPortalTest"/>
  <testcase name="afterRegLogout" time="1.332" classname="com.fishbowl.testcases.EndUserPortalTest"/>
  <testcase name="afterChangePasswordLogout" time="1.224" classname="com.fishbowl.testcases.EndUserPortalTest"/>
</testsuite> <!-- com.fishbowl.testcases.EndUserPortalTest -->
