<?xml version="1.0" encoding="UTF-8"?>
<!-- Generated by org.testng.reporters.JUnitReportReporter -->
<testsuite name="com.fishbowl.testdata.ListCreation" tests="1" time="35.283" ignored="0" failures="0" timestamp="02 Jun 2017 09:36:33 GMT" skipped="0" hostname="FB-asrivastava-ic" errors="0">
  <testcase name="create_list" time="35.283" classname="com.fishbowl.testdata.ListCreation"/>
</testsuite> <!-- com.fishbowl.testdata.ListCreation -->
