<?xml version="1.0" encoding="UTF-8"?>
<!-- Generated by org.testng.reporters.JUnitReportReporter -->
<testsuite name="com.fishbowl.testcases.SMSBroadCastStoreRun" tests="2" time="86.558" ignored="0" failures="0" timestamp="02 Jun 2017 05:28:59 GMT" skipped="0" hostname="FB-asrivastava-ic" errors="0">
  <testcase name="database_test" time="52.316" classname="com.fishbowl.testcases.SMSBroadCastStoreRun"/>
  <testcase name="sms_broadcastcamp_flow" time="34.242" classname="com.fishbowl.testcases.SMSBroadCastStoreRun"/>
</testsuite> <!-- com.fishbowl.testcases.SMSBroadCastStoreRun -->
