<?xml version="1.0" encoding="UTF-8"?>
<!-- Generated by org.testng.reporters.JUnitReportReporter -->
<testsuite name="com.fishbowl.testcases.AcquisitionRun" tests="1" time="32.090" ignored="0" failures="0" timestamp="01 Jun 2017 09:51:37 GMT" skipped="0" hostname="FB-asrivastava-ic" errors="0">
  <testcase name="acquisition_camp_flow" time="32.090" classname="com.fishbowl.testcases.AcquisitionRun"/>
</testsuite> <!-- com.fishbowl.testcases.AcquisitionRun -->
