<?xml version="1.0" encoding="UTF-8"?>
<!-- Generated by org.testng.reporters.JUnitReportReporter -->
<testsuite name="com.fishbowl.testcases.InformationalRun" tests="1" time="38.790" ignored="0" failures="0" timestamp="01 Jun 2017 09:56:18 GMT" skipped="0" hostname="FB-asrivastava-ic" errors="0">
  <testcase name="information_camp_flow" time="38.790" classname="com.fishbowl.testcases.InformationalRun"/>
</testsuite> <!-- com.fishbowl.testcases.InformationalRun -->
